<?xml version="1.0" encoding="UTF-8"?>
<testsuite name="ru.stqa.pft.sandbox.DistanceTests" tests="1" skipped="0" failures="0" errors="0" timestamp="2019-10-25T13:55:13" hostname="LAPTOP-1DCL0BJ6" time="0.006">
  <properties/>
  <testcase name="testDistance" classname="ru.stqa.pft.sandbox.DistanceTests" time="0.006"/>
  <system-out><![CDATA[]]></system-out>
  <system-err><![CDATA[]]></system-err>
</testsuite>
