<?xml version="1.0" encoding="UTF-8"?>
<testsuite name="ru.stqa.pft.sandbox.DistanceTests" tests="1" skipped="0" failures="0" errors="0" timestamp="2019-10-26T06:53:00" hostname="LAPTOP-1DCL0BJ6" time="0.007">
  <properties/>
  <testcase name="testDistance" classname="ru.stqa.pft.sandbox.DistanceTests" time="0.007"/>
  <system-out><![CDATA[]]></system-out>
  <system-err><![CDATA[]]></system-err>
</testsuite>
