<?xml version="1.0" encoding="UTF-8"?>
<testsuite name="ru.stqa.pft.mantis.tests.ChangePasswordTests" tests="1" skipped="0" failures="0" errors="0" timestamp="2019-12-14T13:57:47" hostname="LAPTOP-1DCL0BJ6" time="24.654">
  <properties/>
  <testcase name="testChangePassword" classname="ru.stqa.pft.mantis.tests.ChangePasswordTests" time="24.654"/>
  <system-out><![CDATA[16:57:52.109 [Test worker] DEBUG org.jboss.logging - Logging Provider: org.jboss.logging.Slf4jLoggerProvider
16:57:52.154 [Test worker] DEBUG org.hibernate.integrator.internal.IntegratorServiceImpl - Adding Integrator [org.hibernate.cfg.beanvalidation.BeanValidationIntegrator].
16:57:52.157 [Test worker] DEBUG org.hibernate.integrator.internal.IntegratorServiceImpl - Adding Integrator [org.hibernate.secure.spi.JaccIntegrator].
16:57:52.165 [Test worker] DEBUG org.hibernate.integrator.internal.IntegratorServiceImpl - Adding Integrator [org.hibernate.cache.internal.CollectionCacheInvalidator].
16:57:52.340 [Test worker] INFO org.hibernate.Version - HHH000412: Hibernate Core {5.4.9.Final}
16:57:52.341 [Test worker] DEBUG org.hibernate.cfg.Environment - HHH000206: hibernate.properties not found
16:57:52.613 [Test worker] DEBUG org.hibernate.boot.jaxb.internal.stax.LocalXmlResourceResolver - Interpreting public/system identifier : [-//Hibernate/Hibernate Configuration DTD 3.0//EN] - [http://www.hibernate.org/dtd/hibernate-configuration-3.0.dtd]
16:57:52.614 [Test worker] DEBUG org.hibernate.boot.jaxb.internal.stax.LocalXmlResourceResolver - Recognized hibernate-configuration identifier; attempting to resolve on classpath under org/hibernate/
16:57:52.620 [Test worker] DEBUG org.hibernate.boot.cfgxml.internal.JaxbCfgProcessor - cfg.xml document did not define namespaces; wrapping in custom event reader to introduce namespace information
16:57:53.029 [Test worker] DEBUG org.hibernate.service.spi.ServiceBinding - Overriding existing service binding [org.hibernate.secure.spi.JaccService]
16:57:53.055 [Test worker] DEBUG org.hibernate.cache.internal.RegionFactoryInitiator - Cannot default RegionFactory based on registered strategies as `[]` RegionFactory strategies were registered
16:57:53.058 [Test worker] DEBUG org.hibernate.cache.internal.RegionFactoryInitiator - Cache region factory : org.hibernate.cache.internal.NoCachingRegionFactory
16:57:53.104 [Test worker] INFO org.hibernate.annotations.common.Version - HCANN000001: Hibernate Commons Annotations {5.1.0.Final}
16:57:53.148 [Test worker] DEBUG org.hibernate.type.BasicTypeRegistry - Adding type registration boolean -> org.hibernate.type.BooleanType@1786cf4a
16:57:53.148 [Test worker] DEBUG org.hibernate.type.BasicTypeRegistry - Adding type registration boolean -> org.hibernate.type.BooleanType@1786cf4a
16:57:53.149 [Test worker] DEBUG org.hibernate.type.BasicTypeRegistry - Adding type registration java.lang.Boolean -> org.hibernate.type.BooleanType@1786cf4a
16:57:53.149 [Test worker] DEBUG org.hibernate.type.BasicTypeRegistry - Adding type registration numeric_boolean -> org.hibernate.type.NumericBooleanType@7c2802dd
16:57:53.150 [Test worker] DEBUG org.hibernate.type.BasicTypeRegistry - Adding type registration true_false -> org.hibernate.type.TrueFalseType@41f22e01
16:57:53.152 [Test worker] DEBUG org.hibernate.type.BasicTypeRegistry - Adding type registration yes_no -> org.hibernate.type.YesNoType@75e053f9
16:57:53.154 [Test worker] DEBUG org.hibernate.type.BasicTypeRegistry - Adding type registration byte -> org.hibernate.type.ByteType@55ee7590
16:57:53.154 [Test worker] DEBUG org.hibernate.type.BasicTypeRegistry - Adding type registration byte -> org.hibernate.type.ByteType@55ee7590
16:57:53.155 [Test worker] DEBUG org.hibernate.type.BasicTypeRegistry - Adding type registration java.lang.Byte -> org.hibernate.type.ByteType@55ee7590
16:57:53.157 [Test worker] DEBUG org.hibernate.type.BasicTypeRegistry - Adding type registration character -> org.hibernate.type.CharacterType@29838296
16:57:53.157 [Test worker] DEBUG org.hibernate.type.BasicTypeRegistry - Adding type registration char -> org.hibernate.type.CharacterType@29838296
16:57:53.157 [Test worker] DEBUG org.hibernate.type.BasicTypeRegistry - Adding type registration java.lang.Character -> org.hibernate.type.CharacterType@29838296
16:57:53.159 [Test worker] DEBUG org.hibernate.type.BasicTypeRegistry - Adding type registration short -> org.hibernate.type.ShortType@538dfc4b
16:57:53.159 [Test worker] DEBUG org.hibernate.type.BasicTypeRegistry - Adding type registration short -> org.hibernate.type.ShortType@538dfc4b
16:57:53.159 [Test worker] DEBUG org.hibernate.type.BasicTypeRegistry - Adding type registration java.lang.Short -> org.hibernate.type.ShortType@538dfc4b
16:57:53.161 [Test worker] DEBUG org.hibernate.type.BasicTypeRegistry - Adding type registration integer -> org.hibernate.type.IntegerType@136a219
16:57:53.161 [Test worker] DEBUG org.hibernate.type.BasicTypeRegistry - Adding type registration int -> org.hibernate.type.IntegerType@136a219
16:57:53.161 [Test worker] DEBUG org.hibernate.type.BasicTypeRegistry - Adding type registration java.lang.Integer -> org.hibernate.type.IntegerType@136a219
16:57:53.163 [Test worker] DEBUG org.hibernate.type.BasicTypeRegistry - Adding type registration long -> org.hibernate.type.LongType@3b6cde69
16:57:53.164 [Test worker] DEBUG org.hibernate.type.BasicTypeRegistry - Adding type registration long -> org.hibernate.type.LongType@3b6cde69
16:57:53.164 [Test worker] DEBUG org.hibernate.type.BasicTypeRegistry - Adding type registration java.lang.Long -> org.hibernate.type.LongType@3b6cde69
16:57:53.166 [Test worker] DEBUG org.hibernate.type.BasicTypeRegistry - Adding type registration float -> org.hibernate.type.FloatType@3902c4ee
16:57:53.166 [Test worker] DEBUG org.hibernate.type.BasicTypeRegistry - Adding type registration float -> org.hibernate.type.FloatType@3902c4ee
16:57:53.166 [Test worker] DEBUG org.hibernate.type.BasicTypeRegistry - Adding type registration java.lang.Float -> org.hibernate.type.FloatType@3902c4ee
16:57:53.168 [Test worker] DEBUG org.hibernate.type.BasicTypeRegistry - Adding type registration double -> org.hibernate.type.DoubleType@47350480
16:57:53.168 [Test worker] DEBUG org.hibernate.type.BasicTypeRegistry - Adding type registration double -> org.hibernate.type.DoubleType@47350480
16:57:53.169 [Test worker] DEBUG org.hibernate.type.BasicTypeRegistry - Adding type registration java.lang.Double -> org.hibernate.type.DoubleType@47350480
16:57:53.170 [Test worker] DEBUG org.hibernate.type.BasicTypeRegistry - Adding type registration big_decimal -> org.hibernate.type.BigDecimalType@7b53dff9
16:57:53.170 [Test worker] DEBUG org.hibernate.type.BasicTypeRegistry - Adding type registration java.math.BigDecimal -> org.hibernate.type.BigDecimalType@7b53dff9
16:57:53.172 [Test worker] DEBUG org.hibernate.type.BasicTypeRegistry - Adding type registration big_integer -> org.hibernate.type.BigIntegerType@2a7b3656
16:57:53.172 [Test worker] DEBUG org.hibernate.type.BasicTypeRegistry - Adding type registration java.math.BigInteger -> org.hibernate.type.BigIntegerType@2a7b3656
16:57:53.174 [Test worker] DEBUG org.hibernate.type.BasicTypeRegistry - Adding type registration string -> org.hibernate.type.StringType@4e7b287f
16:57:53.174 [Test worker] DEBUG org.hibernate.type.BasicTypeRegistry - Adding type registration java.lang.String -> org.hibernate.type.StringType@4e7b287f
16:57:53.175 [Test worker] DEBUG org.hibernate.type.BasicTypeRegistry - Adding type registration nstring -> org.hibernate.type.StringNVarcharType@6763bf82
16:57:53.176 [Test worker] DEBUG org.hibernate.type.BasicTypeRegistry - Adding type registration ncharacter -> org.hibernate.type.CharacterNCharType@28cd859b
16:57:53.179 [Test worker] DEBUG org.hibernate.type.BasicTypeRegistry - Adding type registration url -> org.hibernate.type.UrlType@3f48c3f2
16:57:53.180 [Test worker] DEBUG org.hibernate.type.BasicTypeRegistry - Adding type registration java.net.URL -> org.hibernate.type.UrlType@3f48c3f2
16:57:53.182 [Test worker] DEBUG org.hibernate.type.BasicTypeRegistry - Adding type registration Duration -> org.hibernate.type.DurationType@70d2f1d7
16:57:53.182 [Test worker] DEBUG org.hibernate.type.BasicTypeRegistry - Adding type registration java.time.Duration -> org.hibernate.type.DurationType@70d2f1d7
16:57:53.196 [Test worker] DEBUG org.hibernate.type.BasicTypeRegistry - Adding type registration Instant -> org.hibernate.type.InstantType@41edb81
16:57:53.197 [Test worker] DEBUG org.hibernate.type.BasicTypeRegistry - Adding type registration java.time.Instant -> org.hibernate.type.InstantType@41edb81
16:57:53.199 [Test worker] DEBUG org.hibernate.type.BasicTypeRegistry - Adding type registration LocalDateTime -> org.hibernate.type.LocalDateTimeType@59db298
16:57:53.199 [Test worker] DEBUG org.hibernate.type.BasicTypeRegistry - Adding type registration java.time.LocalDateTime -> org.hibernate.type.LocalDateTimeType@59db298
16:57:53.201 [Test worker] DEBUG org.hibernate.type.BasicTypeRegistry - Adding type registration LocalDate -> org.hibernate.type.LocalDateType@5b78d38
16:57:53.201 [Test worker] DEBUG org.hibernate.type.BasicTypeRegistry - Adding type registration java.time.LocalDate -> org.hibernate.type.LocalDateType@5b78d38
16:57:53.202 [Test worker] DEBUG org.hibernate.type.BasicTypeRegistry - Adding type registration LocalTime -> org.hibernate.type.LocalTimeType@30bd048e
16:57:53.202 [Test worker] DEBUG org.hibernate.type.BasicTypeRegistry - Adding type registration java.time.LocalTime -> org.hibernate.type.LocalTimeType@30bd048e
16:57:53.204 [Test worker] DEBUG org.hibernate.type.BasicTypeRegistry - Adding type registration OffsetDateTime -> org.hibernate.type.OffsetDateTimeType@45107ab5
16:57:53.204 [Test worker] DEBUG org.hibernate.type.BasicTypeRegistry - Adding type registration java.time.OffsetDateTime -> org.hibernate.type.OffsetDateTimeType@45107ab5
16:57:53.208 [Test worker] DEBUG org.hibernate.type.BasicTypeRegistry - Adding type registration OffsetTime -> org.hibernate.type.OffsetTimeType@19f5ec33
16:57:53.209 [Test worker] DEBUG org.hibernate.type.BasicTypeRegistry - Adding type registration java.time.OffsetTime -> org.hibernate.type.OffsetTimeType@19f5ec33
16:57:53.218 [Test worker] DEBUG org.hibernate.type.BasicTypeRegistry - Adding type registration ZonedDateTime -> org.hibernate.type.ZonedDateTimeType@106784b0
16:57:53.218 [Test worker] DEBUG org.hibernate.type.BasicTypeRegistry - Adding type registration java.time.ZonedDateTime -> org.hibernate.type.ZonedDateTimeType@106784b0
16:57:53.221 [Test worker] DEBUG org.hibernate.type.BasicTypeRegistry - Adding type registration date -> org.hibernate.type.DateType@7ffe5ec6
16:57:53.221 [Test worker] DEBUG org.hibernate.type.BasicTypeRegistry - Adding type registration java.sql.Date -> org.hibernate.type.DateType@7ffe5ec6
16:57:53.223 [Test worker] DEBUG org.hibernate.type.BasicTypeRegistry - Adding type registration time -> org.hibernate.type.TimeType@58055cd0
16:57:53.223 [Test worker] DEBUG org.hibernate.type.BasicTypeRegistry - Adding type registration java.sql.Time -> org.hibernate.type.TimeType@58055cd0
16:57:53.226 [Test worker] DEBUG org.hibernate.type.BasicTypeRegistry - Adding type registration timestamp -> org.hibernate.type.TimestampType@22bfc1d9
16:57:53.226 [Test worker] DEBUG org.hibernate.type.BasicTypeRegistry - Adding type registration java.sql.Timestamp -> org.hibernate.type.TimestampType@22bfc1d9
16:57:53.226 [Test worker] DEBUG org.hibernate.type.BasicTypeRegistry - Adding type registration java.util.Date -> org.hibernate.type.TimestampType@22bfc1d9
16:57:53.229 [Test worker] DEBUG org.hibernate.type.BasicTypeRegistry - Adding type registration dbtimestamp -> org.hibernate.type.DbTimestampType@2ffa4da1
16:57:53.230 [Test worker] DEBUG org.hibernate.type.BasicTypeRegistry - Adding type registration calendar -> org.hibernate.type.CalendarType@654d0742
16:57:53.230 [Test worker] DEBUG org.hibernate.type.BasicTypeRegistry - Adding type registration java.util.Calendar -> org.hibernate.type.CalendarType@654d0742
16:57:53.231 [Test worker] DEBUG org.hibernate.type.BasicTypeRegistry - Adding type registration java.util.GregorianCalendar -> org.hibernate.type.CalendarType@654d0742
16:57:53.232 [Test worker] DEBUG org.hibernate.type.BasicTypeRegistry - Adding type registration calendar_date -> org.hibernate.type.CalendarDateType@47aed6f8
16:57:53.233 [Test worker] DEBUG org.hibernate.type.BasicTypeRegistry - Adding type registration locale -> org.hibernate.type.LocaleType@30507b69
16:57:53.234 [Test worker] DEBUG org.hibernate.type.BasicTypeRegistry - Adding type registration java.util.Locale -> org.hibernate.type.LocaleType@30507b69
16:57:53.235 [Test worker] DEBUG org.hibernate.type.BasicTypeRegistry - Adding type registration currency -> org.hibernate.type.CurrencyType@4d4582ff
16:57:53.235 [Test worker] DEBUG org.hibernate.type.BasicTypeRegistry - Adding type registration java.util.Currency -> org.hibernate.type.CurrencyType@4d4582ff
16:57:53.237 [Test worker] DEBUG org.hibernate.type.BasicTypeRegistry - Adding type registration timezone -> org.hibernate.type.TimeZoneType@bb52c29
16:57:53.237 [Test worker] DEBUG org.hibernate.type.BasicTypeRegistry - Adding type registration java.util.TimeZone -> org.hibernate.type.TimeZoneType@bb52c29
16:57:53.239 [Test worker] DEBUG org.hibernate.type.BasicTypeRegistry - Adding type registration class -> org.hibernate.type.ClassType@2df63895
16:57:53.239 [Test worker] DEBUG org.hibernate.type.BasicTypeRegistry - Adding type registration java.lang.Class -> org.hibernate.type.ClassType@2df63895
16:57:53.241 [Test worker] DEBUG org.hibernate.type.BasicTypeRegistry - Adding type registration uuid-binary -> org.hibernate.type.UUIDBinaryType@43f2113f
16:57:53.241 [Test worker] DEBUG org.hibernate.type.BasicTypeRegistry - Adding type registration java.util.UUID -> org.hibernate.type.UUIDBinaryType@43f2113f
16:57:53.242 [Test worker] DEBUG org.hibernate.type.BasicTypeRegistry - Adding type registration uuid-char -> org.hibernate.type.UUIDCharType@40767be
16:57:53.244 [Test worker] DEBUG org.hibernate.type.BasicTypeRegistry - Adding type registration binary -> org.hibernate.type.BinaryType@4c939f82
16:57:53.244 [Test worker] DEBUG org.hibernate.type.BasicTypeRegistry - Adding type registration byte[] -> org.hibernate.type.BinaryType@4c939f82
16:57:53.244 [Test worker] DEBUG org.hibernate.type.BasicTypeRegistry - Adding type registration [B -> org.hibernate.type.BinaryType@4c939f82
16:57:53.245 [Test worker] DEBUG org.hibernate.type.BasicTypeRegistry - Adding type registration wrapper-binary -> org.hibernate.type.WrapperBinaryType@7722d72d
16:57:53.245 [Test worker] DEBUG org.hibernate.type.BasicTypeRegistry - Adding type registration Byte[] -> org.hibernate.type.WrapperBinaryType@7722d72d
16:57:53.245 [Test worker] DEBUG org.hibernate.type.BasicTypeRegistry - Adding type registration [Ljava.lang.Byte; -> org.hibernate.type.WrapperBinaryType@7722d72d
16:57:53.246 [Test worker] DEBUG org.hibernate.type.BasicTypeRegistry - Adding type registration row_version -> org.hibernate.type.RowVersionType@241caeff
16:57:53.247 [Test worker] DEBUG org.hibernate.type.BasicTypeRegistry - Adding type registration image -> org.hibernate.type.ImageType@3d3405ed
16:57:53.248 [Test worker] DEBUG org.hibernate.type.BasicTypeRegistry - Adding type registration characters -> org.hibernate.type.CharArrayType@2caace67
16:57:53.248 [Test worker] DEBUG org.hibernate.type.BasicTypeRegistry - Adding type registration char[] -> org.hibernate.type.CharArrayType@2caace67
16:57:53.248 [Test worker] DEBUG org.hibernate.type.BasicTypeRegistry - Adding type registration [C -> org.hibernate.type.CharArrayType@2caace67
16:57:53.250 [Test worker] DEBUG org.hibernate.type.BasicTypeRegistry - Adding type registration wrapper-characters -> org.hibernate.type.CharacterArrayType@61a1aa27
16:57:53.250 [Test worker] DEBUG org.hibernate.type.BasicTypeRegistry - Adding type registration [Ljava.lang.Character; -> org.hibernate.type.CharacterArrayType@61a1aa27
16:57:53.250 [Test worker] DEBUG org.hibernate.type.BasicTypeRegistry - Adding type registration Character[] -> org.hibernate.type.CharacterArrayType@61a1aa27
16:57:53.251 [Test worker] DEBUG org.hibernate.type.BasicTypeRegistry - Adding type registration text -> org.hibernate.type.TextType@6978fddb
16:57:53.252 [Test worker] DEBUG org.hibernate.type.BasicTypeRegistry - Adding type registration ntext -> org.hibernate.type.NTextType@a920fc2
16:57:53.254 [Test worker] DEBUG org.hibernate.type.BasicTypeRegistry - Adding type registration blob -> org.hibernate.type.BlobType@162d184d
16:57:53.254 [Test worker] DEBUG org.hibernate.type.BasicTypeRegistry - Adding type registration java.sql.Blob -> org.hibernate.type.BlobType@162d184d
16:57:53.255 [Test worker] DEBUG org.hibernate.type.BasicTypeRegistry - Adding type registration materialized_blob -> org.hibernate.type.MaterializedBlobType@2d26f5f
16:57:53.258 [Test worker] DEBUG org.hibernate.type.BasicTypeRegistry - Adding type registration clob -> org.hibernate.type.ClobType@43df84ad
16:57:53.258 [Test worker] DEBUG org.hibernate.type.BasicTypeRegistry - Adding type registration java.sql.Clob -> org.hibernate.type.ClobType@43df84ad
16:57:53.260 [Test worker] DEBUG org.hibernate.type.BasicTypeRegistry - Adding type registration nclob -> org.hibernate.type.NClobType@118be6a1
16:57:53.260 [Test worker] DEBUG org.hibernate.type.BasicTypeRegistry - Adding type registration java.sql.NClob -> org.hibernate.type.NClobType@118be6a1
16:57:53.261 [Test worker] DEBUG org.hibernate.type.BasicTypeRegistry - Adding type registration materialized_clob -> org.hibernate.type.MaterializedClobType@e06dd47
16:57:53.262 [Test worker] DEBUG org.hibernate.type.BasicTypeRegistry - Adding type registration materialized_nclob -> org.hibernate.type.MaterializedNClobType@480d92cc
16:57:53.264 [Test worker] DEBUG org.hibernate.type.BasicTypeRegistry - Adding type registration serializable -> org.hibernate.type.SerializableType@15235df2
16:57:53.269 [Test worker] DEBUG org.hibernate.type.BasicTypeRegistry - Adding type registration object -> org.hibernate.type.ObjectType@7f0ec221
16:57:53.269 [Test worker] DEBUG org.hibernate.type.BasicTypeRegistry - Adding type registration java.lang.Object -> org.hibernate.type.ObjectType@7f0ec221
16:57:53.270 [Test worker] DEBUG org.hibernate.type.BasicTypeRegistry - Adding type registration imm_date -> org.hibernate.type.AdaptedImmutableType@49ff1c5a
16:57:53.270 [Test worker] DEBUG org.hibernate.type.BasicTypeRegistry - Adding type registration imm_time -> org.hibernate.type.AdaptedImmutableType@40e9c08e
16:57:53.270 [Test worker] DEBUG org.hibernate.type.BasicTypeRegistry - Adding type registration imm_timestamp -> org.hibernate.type.AdaptedImmutableType@1e991017
16:57:53.271 [Test worker] DEBUG org.hibernate.type.BasicTypeRegistry - Adding type registration imm_dbtimestamp -> org.hibernate.type.AdaptedImmutableType@5d47d224
16:57:53.271 [Test worker] DEBUG org.hibernate.type.BasicTypeRegistry - Adding type registration imm_calendar -> org.hibernate.type.AdaptedImmutableType@6ceb081a
16:57:53.271 [Test worker] DEBUG org.hibernate.type.BasicTypeRegistry - Adding type registration imm_calendar_date -> org.hibernate.type.AdaptedImmutableType@620848b9
16:57:53.271 [Test worker] DEBUG org.hibernate.type.BasicTypeRegistry - Adding type registration imm_binary -> org.hibernate.type.AdaptedImmutableType@3447e547
16:57:53.271 [Test worker] DEBUG org.hibernate.type.BasicTypeRegistry - Adding type registration imm_serializable -> org.hibernate.type.AdaptedImmutableType@57f2d719
16:57:53.302 [Test worker] DEBUG org.hibernate.id.factory.internal.DefaultIdentifierGeneratorFactory - Registering IdentifierGenerator strategy [uuid2] -> [org.hibernate.id.UUIDGenerator]
16:57:53.303 [Test worker] DEBUG org.hibernate.id.factory.internal.DefaultIdentifierGeneratorFactory - Registering IdentifierGenerator strategy [guid] -> [org.hibernate.id.GUIDGenerator]
16:57:53.304 [Test worker] DEBUG org.hibernate.id.factory.internal.DefaultIdentifierGeneratorFactory - Registering IdentifierGenerator strategy [uuid] -> [org.hibernate.id.UUIDHexGenerator]
16:57:53.304 [Test worker] DEBUG org.hibernate.id.factory.internal.DefaultIdentifierGeneratorFactory - Registering IdentifierGenerator strategy [uuid.hex] -> [org.hibernate.id.UUIDHexGenerator]
16:57:53.305 [Test worker] DEBUG org.hibernate.id.factory.internal.DefaultIdentifierGeneratorFactory - Registering IdentifierGenerator strategy [assigned] -> [org.hibernate.id.Assigned]
16:57:53.306 [Test worker] DEBUG org.hibernate.id.factory.internal.DefaultIdentifierGeneratorFactory - Registering IdentifierGenerator strategy [identity] -> [org.hibernate.id.IdentityGenerator]
16:57:53.307 [Test worker] DEBUG org.hibernate.id.factory.internal.DefaultIdentifierGeneratorFactory - Registering IdentifierGenerator strategy [select] -> [org.hibernate.id.SelectGenerator]
16:57:53.311 [Test worker] DEBUG org.hibernate.id.factory.internal.DefaultIdentifierGeneratorFactory - Registering IdentifierGenerator strategy [sequence] -> [org.hibernate.id.enhanced.SequenceStyleGenerator]
16:57:53.312 [Test worker] DEBUG org.hibernate.id.factory.internal.DefaultIdentifierGeneratorFactory - Registering IdentifierGenerator strategy [seqhilo] -> [org.hibernate.id.SequenceHiLoGenerator]
16:57:53.313 [Test worker] DEBUG org.hibernate.id.factory.internal.DefaultIdentifierGeneratorFactory - Registering IdentifierGenerator strategy [increment] -> [org.hibernate.id.IncrementGenerator]
16:57:53.313 [Test worker] DEBUG org.hibernate.id.factory.internal.DefaultIdentifierGeneratorFactory - Registering IdentifierGenerator strategy [foreign] -> [org.hibernate.id.ForeignGenerator]
16:57:53.314 [Test worker] DEBUG org.hibernate.id.factory.internal.DefaultIdentifierGeneratorFactory - Registering IdentifierGenerator strategy [sequence-identity] -> [org.hibernate.id.SequenceIdentityGenerator]
16:57:53.314 [Test worker] DEBUG org.hibernate.id.factory.internal.DefaultIdentifierGeneratorFactory - Registering IdentifierGenerator strategy [enhanced-sequence] -> [org.hibernate.id.enhanced.SequenceStyleGenerator]
16:57:53.315 [Test worker] DEBUG org.hibernate.id.factory.internal.DefaultIdentifierGeneratorFactory - Registering IdentifierGenerator strategy [enhanced-table] -> [org.hibernate.id.enhanced.TableGenerator]
16:57:53.320 [Test worker] WARN org.hibernate.orm.connections.pooling - HHH10001002: Using Hibernate built-in connection pool (not for production use!)
16:57:53.330 [Test worker] INFO org.hibernate.orm.connections.pooling - HHH10001005: using driver [com.mysql.jdbc.Driver] at URL [jdbc:mysql://localhost:3306/bugtracker?serverTimezone=UTC]
16:57:53.330 [Test worker] INFO org.hibernate.orm.connections.pooling - HHH10001001: Connection properties: {user=root, password=}
16:57:53.331 [Test worker] INFO org.hibernate.orm.connections.pooling - HHH10001003: Autocommit mode: false
16:57:53.334 [Test worker] DEBUG org.hibernate.engine.jdbc.connections.internal.DriverManagerConnectionProviderImpl - Initializing Connection pool with 1 Connections
16:57:53.335 [Test worker] INFO org.hibernate.engine.jdbc.connections.internal.DriverManagerConnectionProviderImpl - HHH000115: Hibernate connection pool size: 1 (min=1)
16:57:53.468 [Test worker] DEBUG org.hibernate.engine.jdbc.env.internal.JdbcEnvironmentInitiator - Database ->
       name : MySQL
    version : 5.5.5-10.1.38-MariaDB
      major : 5
      minor : 5
16:57:53.468 [Test worker] DEBUG org.hibernate.engine.jdbc.env.internal.JdbcEnvironmentInitiator - Driver ->
       name : MySQL Connector/J
    version : mysql-connector-java-8.0.18 (Revision: fef2894d751d47223192b706977b4a5bc41e6be4)
      major : 8
      minor : 0
16:57:53.468 [Test worker] DEBUG org.hibernate.engine.jdbc.env.internal.JdbcEnvironmentInitiator - JDBC version : 4.2
16:57:53.479 [Test worker] INFO org.hibernate.dialect.Dialect - HHH000400: Using dialect: org.hibernate.dialect.MySQLDialect
16:57:53.495 [Test worker] DEBUG org.hibernate.engine.jdbc.env.spi.IdentifierHelperBuilder - JDBC driver metadata reported database stores quoted identifiers in more than one case
16:57:53.499 [Test worker] DEBUG org.hibernate.engine.jdbc.env.spi.IdentifierHelperBuilder - IdentifierCaseStrategy for both quoted and unquoted identifiers was set to the same strategy [LOWER]; that will likely lead to problems in schema update and validation if using quoted identifiers
16:57:53.562 [Test worker] DEBUG org.hibernate.boot.model.relational.Namespace - Created database namespace [logicalName=Name{catalog=null, schema=null}, physicalName=Name{catalog=null, schema=null}]
16:57:53.566 [Test worker] DEBUG org.hibernate.type.spi.TypeConfiguration$Scope - Scoping TypeConfiguration [org.hibernate.type.spi.TypeConfiguration@426698b5] to MetadataBuildingContext [org.hibernate.boot.internal.MetadataBuildingContextRootImpl@b4f2331]
16:57:53.632 [Test worker] DEBUG org.hibernate.cfg.AnnotationBinder - Binding entity from annotated class: ru.stqa.pft.mantis.model.UserData
16:57:53.658 [Test worker] DEBUG org.hibernate.cfg.Ejb3Column - Binding column: Ejb3DiscriminatorColumn{logicalColumnName'DTYPE', discriminatorTypeName='string'}
16:57:53.665 [Test worker] DEBUG org.hibernate.cfg.annotations.EntityBinder - Import with entity name UserData
16:57:53.669 [Test worker] DEBUG org.hibernate.cfg.annotations.EntityBinder - Bind entity ru.stqa.pft.mantis.model.UserData on table mantis_user_table
16:57:53.696 [Test worker] DEBUG org.hibernate.cfg.Ejb3Column - Binding column: Ejb3Column{table=org.hibernate.mapping.Table(mantis_user_table), mappingColumn=id, insertable=true, updatable=true, unique=false}
16:57:53.701 [Test worker] DEBUG org.hibernate.cfg.annotations.PropertyBinder - MetadataSourceProcessor property id with lazy=false
16:57:53.703 [Test worker] DEBUG org.hibernate.cfg.AbstractPropertyHolder - Attempting to locate auto-apply AttributeConverter for property [ru.stqa.pft.mantis.model.UserData:id]
16:57:53.707 [Test worker] DEBUG org.hibernate.cfg.annotations.SimpleValueBinder - building SimpleValue for id
16:57:53.710 [Test worker] DEBUG org.hibernate.cfg.annotations.PropertyBinder - Building property id
16:57:53.716 [Test worker] DEBUG org.hibernate.cfg.BinderHelper - #makeIdGenerator(org.hibernate.mapping.SimpleValue([org.hibernate.mapping.Column(id)]), id, assigned, , ...)
16:57:53.717 [Test worker] DEBUG org.hibernate.cfg.Ejb3Column - Binding column: Ejb3Column{table=org.hibernate.mapping.Table(mantis_user_table), mappingColumn=email, insertable=true, updatable=true, unique=false}
16:57:53.717 [Test worker] DEBUG org.hibernate.cfg.annotations.PropertyBinder - MetadataSourceProcessor property email with lazy=false
16:57:53.718 [Test worker] DEBUG org.hibernate.cfg.AbstractPropertyHolder - Attempting to locate auto-apply AttributeConverter for property [ru.stqa.pft.mantis.model.UserData:email]
16:57:53.718 [Test worker] DEBUG org.hibernate.cfg.annotations.SimpleValueBinder - building SimpleValue for email
16:57:53.719 [Test worker] DEBUG org.hibernate.cfg.annotations.PropertyBinder - Building property email
16:57:53.719 [Test worker] DEBUG org.hibernate.cfg.Ejb3Column - Binding column: Ejb3Column{table=org.hibernate.mapping.Table(mantis_user_table), mappingColumn=password, insertable=true, updatable=true, unique=false}
16:57:53.720 [Test worker] DEBUG org.hibernate.cfg.annotations.PropertyBinder - MetadataSourceProcessor property password with lazy=false
16:57:53.720 [Test worker] DEBUG org.hibernate.cfg.AbstractPropertyHolder - Attempting to locate auto-apply AttributeConverter for property [ru.stqa.pft.mantis.model.UserData:password]
16:57:53.721 [Test worker] DEBUG org.hibernate.cfg.annotations.SimpleValueBinder - building SimpleValue for password
16:57:53.721 [Test worker] DEBUG org.hibernate.cfg.annotations.PropertyBinder - Building property password
16:57:53.721 [Test worker] DEBUG org.hibernate.cfg.Ejb3Column - Binding column: Ejb3Column{table=org.hibernate.mapping.Table(mantis_user_table), mappingColumn=username, insertable=true, updatable=true, unique=false}
16:57:53.721 [Test worker] DEBUG org.hibernate.cfg.annotations.PropertyBinder - MetadataSourceProcessor property username with lazy=false
16:57:53.721 [Test worker] DEBUG org.hibernate.cfg.AbstractPropertyHolder - Attempting to locate auto-apply AttributeConverter for property [ru.stqa.pft.mantis.model.UserData:username]
16:57:53.722 [Test worker] DEBUG org.hibernate.cfg.annotations.SimpleValueBinder - building SimpleValue for username
16:57:53.722 [Test worker] DEBUG org.hibernate.cfg.annotations.PropertyBinder - Building property username
16:57:53.725 [Test worker] DEBUG org.hibernate.cfg.annotations.SimpleValueBinder - Starting fillSimpleValue for id
16:57:53.725 [Test worker] DEBUG org.hibernate.cfg.annotations.SimpleValueBinder - Starting fillSimpleValue for email
16:57:53.725 [Test worker] DEBUG org.hibernate.cfg.annotations.SimpleValueBinder - Starting fillSimpleValue for password
16:57:53.725 [Test worker] DEBUG org.hibernate.cfg.annotations.SimpleValueBinder - Starting fillSimpleValue for username
16:57:53.727 [Test worker] DEBUG org.hibernate.mapping.PrimaryKey - Forcing column [id] to be non-null as it is part of the primary key for table [mantis_user_table]
16:57:53.764 [Test worker] DEBUG org.hibernate.internal.SessionFactoryImpl - Building session factory
16:57:53.766 [Test worker] DEBUG org.hibernate.cfg.Settings - SessionFactory name : null
16:57:53.766 [Test worker] DEBUG org.hibernate.cfg.Settings - Automatic flush during beforeCompletion(): enabled
16:57:53.766 [Test worker] DEBUG org.hibernate.cfg.Settings - Automatic session close at end of transaction: disabled
16:57:53.766 [Test worker] DEBUG org.hibernate.cfg.Settings - Statistics: disabled
16:57:53.766 [Test worker] DEBUG org.hibernate.cfg.Settings - Deleted entity synthetic identifier rollback: disabled
16:57:53.766 [Test worker] DEBUG org.hibernate.cfg.Settings - Default entity-mode: pojo
16:57:53.767 [Test worker] DEBUG org.hibernate.cfg.Settings - Check Nullability in Core (should be disabled when Bean Validation is on): enabled
16:57:53.767 [Test worker] DEBUG org.hibernate.cfg.Settings - Allow initialization of lazy state outside session : disabled
16:57:53.767 [Test worker] DEBUG org.hibernate.cfg.Settings - Using BatchFetchStyle : LEGACY
16:57:53.767 [Test worker] DEBUG org.hibernate.cfg.Settings - Default batch fetch size: -1
16:57:53.767 [Test worker] DEBUG org.hibernate.cfg.Settings - Maximum outer join fetch depth: 2
16:57:53.767 [Test worker] DEBUG org.hibernate.cfg.Settings - Default null ordering: NONE
16:57:53.767 [Test worker] DEBUG org.hibernate.cfg.Settings - Order SQL updates by primary key: disabled
16:57:53.767 [Test worker] DEBUG org.hibernate.cfg.Settings - Order SQL inserts for batching: disabled
16:57:53.767 [Test worker] DEBUG org.hibernate.cfg.Settings - multi-tenancy strategy : NONE
16:57:53.767 [Test worker] DEBUG org.hibernate.cfg.Settings - JTA Track by Thread: enabled
16:57:53.767 [Test worker] DEBUG org.hibernate.cfg.Settings - Query language substitutions: {}
16:57:53.767 [Test worker] DEBUG org.hibernate.cfg.Settings - Named query checking : enabled
16:57:53.767 [Test worker] DEBUG org.hibernate.cfg.Settings - Second-level cache: disabled
16:57:53.767 [Test worker] DEBUG org.hibernate.cfg.Settings - Second-level query cache: disabled
16:57:53.768 [Test worker] DEBUG org.hibernate.cfg.Settings - Second-level query cache factory: null
16:57:53.768 [Test worker] DEBUG org.hibernate.cfg.Settings - Second-level cache region prefix: null
16:57:53.768 [Test worker] DEBUG org.hibernate.cfg.Settings - Optimize second-level cache for minimal puts: disabled
16:57:53.768 [Test worker] DEBUG org.hibernate.cfg.Settings - Structured second-level cache entries: disabled
16:57:53.768 [Test worker] DEBUG org.hibernate.cfg.Settings - Second-level cache direct-reference entries: disabled
16:57:53.768 [Test worker] DEBUG org.hibernate.cfg.Settings - Automatic eviction of collection cache: disabled
16:57:53.768 [Test worker] DEBUG org.hibernate.cfg.Settings - JDBC batch size: 15
16:57:53.768 [Test worker] DEBUG org.hibernate.cfg.Settings - JDBC batch updates for versioned data: enabled
16:57:53.768 [Test worker] DEBUG org.hibernate.cfg.Settings - Scrollable result sets: enabled
16:57:53.768 [Test worker] DEBUG org.hibernate.cfg.Settings - Wrap result sets: disabled
16:57:53.768 [Test worker] DEBUG org.hibernate.cfg.Settings - JDBC3 getGeneratedKeys(): enabled
16:57:53.768 [Test worker] DEBUG org.hibernate.cfg.Settings - JDBC result set fetch size: null
16:57:53.768 [Test worker] DEBUG org.hibernate.cfg.Settings - Connection release mode: AFTER_TRANSACTION
16:57:53.769 [Test worker] DEBUG org.hibernate.cfg.Settings - Generate SQL with comments: disabled
16:57:53.769 [Test worker] DEBUG org.hibernate.cfg.Settings - JPA compliance - query : 
16:57:53.769 [Test worker] DEBUG org.hibernate.cfg.Settings - JPA compliance - closed-handling : 
16:57:53.769 [Test worker] DEBUG org.hibernate.cfg.Settings - JPA compliance - lists : 
16:57:53.769 [Test worker] DEBUG org.hibernate.cfg.Settings - JPA compliance - transactions : 
16:57:53.936 [Test worker] DEBUG org.hibernate.internal.SessionFactoryImpl - Session factory constructed with filter configurations : {}
16:57:53.936 [Test worker] DEBUG org.hibernate.internal.SessionFactoryImpl - Instantiating session factory with properties: {sun.desktop=windows, awt.toolkit=sun.awt.windows.WToolkit, dialect=org.hibernate.dialect.MySQLDialect, file.encoding.pkg=sun.io, java.specification.version=1.8, sun.cpu.isalist=amd64, sun.jnu.encoding=Cp1251, hibernate.dialect=org.hibernate.dialect.MySQLDialect, org.gradle.test.worker=11, java.class.path=C:\Devel\Training\java_automation\mantis-tests\build\classes\java\test;C:\Devel\Training\java_automation\mantis-tests\build\resources\test;C:\Devel\Training\java_automation\mantis-tests\build\classes\java\main;C:\Devel\Training\java_automation\mantis-tests\build\resources\main;C:\Users\user\.gradle\caches\modules-2\files-2.1\org.testng\testng\7.0.0\14b73f64988eda81a42b4584e9647d48633ef857\testng-7.0.0.jar;C:\Users\user\.gradle\caches\modules-2\files-2.1\org.seleniumhq.selenium\selenium-firefox-driver\3.141.59\a99f2fe2a42747ed9809d4f62f51a9e1b336dde8\selenium-firefox-driver-3.141.59.jar;C:\Users\user\.gradle\caches\modules-2\files-2.1\org.seleniumhq.selenium\selenium-chrome-driver\3.141.59\67137314736c6a2f39a8aa59a562e9616ae5f77e\selenium-chrome-driver-3.141.59.jar;C:\Users\user\.gradle\caches\modules-2\files-2.1\org.seleniumhq.selenium\selenium-support\3.141.59\8735de5049acf0e761defc65ee5837d6541abaf5\selenium-support-3.141.59.jar;C:\Users\user\.gradle\caches\modules-2\files-2.1\org.hamcrest\hamcrest\2.2\1820c0968dba3a11a1b30669bb1f01978a91dedc\hamcrest-2.2.jar;C:\Users\user\.gradle\caches\modules-2\files-2.1\org.apache.httpcomponents\httpclient\4.5.10\7ca2e4276f4ef95e4db725a8cd4a1d1e7585b9e5\httpclient-4.5.10.jar;C:\Users\user\.gradle\caches\modules-2\files-2.1\mysql\mysql-connector-java\8.0.18\e088efaa4b568bc7d9f7274b9c5ea1a00da1a45c\mysql-connector-java-8.0.18.jar;C:\Users\user\.gradle\caches\modules-2\files-2.1\commons-net\commons-net\3.6\b71de00508dcb078d2b24b5fa7e538636de9b3da\commons-net-3.6.jar;C:\Users\user\.gradle\caches\modules-2\files-2.1\org.subethamail\subethasmtp\3.1.7\41381242daa11113c32da5b25d001bfdf4df53fb\subethasmtp-3.1.7.jar;C:\Users\user\.gradle\caches\modules-2\files-2.1\ru.lanwen.verbalregex\java-verbal-expressions\1.6\a006afed616cfceb0ba77a58b51d59d4ea3f6e63\java-verbal-expressions-1.6.jar;C:\Users\user\.gradle\caches\modules-2\files-2.1\ch.qos.logback\logback-classic\1.2.3\7c4f3c474fb2c041d8028740440937705ebb473a\logback-classic-1.2.3.jar;C:\Users\user\.gradle\caches\modules-2\files-2.1\org.hibernate\hibernate-core\5.4.9.Final\6a7efbbe889e9644b163f5cc03936b7e2b360293\hibernate-core-5.4.9.Final.jar;C:\Users\user\.gradle\caches\modules-2\files-2.1\com.beust\jcommander\1.72\6375e521c1e11d6563d4f25a07ce124ccf8cd171\jcommander-1.72.jar;C:\Users\user\.gradle\caches\modules-2\files-2.1\org.seleniumhq.selenium\selenium-remote-driver\3.141.59\1c79ca890c312ff9916bd95df4f0c5182ec722d8\selenium-remote-driver-3.141.59.jar;C:\Users\user\.gradle\caches\modules-2\files-2.1\org.seleniumhq.selenium\selenium-api\3.141.59\e006ffd3aa7841e6e9125d9e6691b3a6b7592b05\selenium-api-3.141.59.jar;C:\Users\user\.gradle\caches\modules-2\files-2.1\net.bytebuddy\byte-buddy\1.10.2\7e575b4d8eb3041728fb7dac4fa09bf163c5ee9\byte-buddy-1.10.2.jar;C:\Users\user\.gradle\caches\modules-2\files-2.1\org.apache.commons\commons-exec\1.3\8dfb9facd0830a27b1b5f29f84593f0aeee7773b\commons-exec-1.3.jar;C:\Users\user\.gradle\caches\modules-2\files-2.1\com.google.guava\guava\25.0-jre\7319c34fa5866a85b6bad445adad69d402323129\guava-25.0-jre.jar;C:\Users\user\.gradle\caches\modules-2\files-2.1\com.squareup.okhttp3\okhttp\3.11.0\75966e05a49046ca2ae734e5626f28837a8d1e82\okhttp-3.11.0.jar;C:\Users\user\.gradle\caches\modules-2\files-2.1\com.squareup.okio\okio\1.14.0\102d7be47241d781ef95f1581d414b0943053130\okio-1.14.0.jar;C:\Users\user\.gradle\caches\modules-2\files-2.1\org.apache.httpcomponents\httpcore\4.4.12\21ebaf6d532bc350ba95bd81938fa5f0e511c132\httpcore-4.4.12.jar;C:\Users\user\.gradle\caches\modules-2\files-2.1\commons-logging\commons-logging\1.2\4bfc12adfe4842bf07b657f0369c4cb522955686\commons-logging-1.2.jar;C:\Users\user\.gradle\caches\modules-2\files-2.1\commons-codec\commons-codec\1.11\3acb4705652e16236558f0f4f2192cc33c3bd189\commons-codec-1.11.jar;C:\Users\user\.gradle\caches\modules-2\files-2.1\com.google.protobuf\protobuf-java\3.6.1\d06d46ecfd92ec6d0f3b423b4cd81cb38d8b924\protobuf-java-3.6.1.jar;C:\Users\user\.gradle\caches\modules-2\files-2.1\javax.mail\mail\1.4.4\b907ef0a02ff6e809392b1e7149198497fcc8e49\mail-1.4.4.jar;C:\Users\user\.gradle\caches\modules-2\files-2.1\javax.activation\activation\1.1.1\485de3a253e23f645037828c07f1d7f1af40763a\activation-1.1.1.jar;C:\Users\user\.gradle\caches\modules-2\files-2.1\org.slf4j\slf4j-api\1.7.25\da76ca59f6a57ee3102f8f9bd9cee742973efa8a\slf4j-api-1.7.25.jar;C:\Users\user\.gradle\caches\modules-2\files-2.1\com.google.code.findbugs\jsr305\1.3.9\40719ea6961c0cb6afaeb6a921eaa1f6afd4cfdf\jsr305-1.3.9.jar;C:\Users\user\.gradle\caches\modules-2\files-2.1\ch.qos.logback\logback-core\1.2.3\864344400c3d4d92dfeb0a305dc87d953677c03c\logback-core-1.2.3.jar;C:\Users\user\.gradle\caches\modules-2\files-2.1\org.hibernate.common\hibernate-commons-annotations\5.1.0.Final\700aeedc4a2089816621948f0379e17cbd17d5db\hibernate-commons-annotations-5.1.0.Final.jar;C:\Users\user\.gradle\caches\modules-2\files-2.1\org.jboss.logging\jboss-logging\3.3.2.Final\3789d00e859632e6c6206adc0c71625559e6e3b0\jboss-logging-3.3.2.Final.jar;C:\Users\user\.gradle\caches\modules-2\files-2.1\javax.persistence\javax.persistence-api\2.2\25665ac8c0b62f50e6488173233239120fc52c96\javax.persistence-api-2.2.jar;C:\Users\user\.gradle\caches\modules-2\files-2.1\org.javassist\javassist\3.24.0-GA\d7466fc2e3af7c023e95c510f06448ad29b225b3\javassist-3.24.0-GA.jar;C:\Users\user\.gradle\caches\modules-2\files-2.1\antlr\antlr\2.7.7\83cd2cd674a217ade95a4bb83a8a14f351f48bd0\antlr-2.7.7.jar;C:\Users\user\.gradle\caches\modules-2\files-2.1\org.jboss.spec.javax.transaction\jboss-transaction-api_1.2_spec\1.1.1.Final\a8485cab9484dda36e9a8c319e76b5cc18797b58\jboss-transaction-api_1.2_spec-1.1.1.Final.jar;C:\Users\user\.gradle\caches\modules-2\files-2.1\org.jboss\jandex\2.1.1.Final\c89aa5564fea8b08b9b41f0bbcabb8fed0d89c0d\jandex-2.1.1.Final.jar;C:\Users\user\.gradle\caches\modules-2\files-2.1\com.fasterxml\classmate\1.5.1\3fe0bed568c62df5e89f4f174c101eab25345b6c\classmate-1.5.1.jar;C:\Users\user\.gradle\caches\modules-2\files-2.1\org.glassfish.jaxb\jaxb-runtime\2.3.1\dd6dda9da676a54c5b36ca2806ff95ee017d8738\jaxb-runtime-2.3.1.jar;C:\Users\user\.gradle\caches\modules-2\files-2.1\javax.xml.bind\jaxb-api\2.3.1\8531ad5ac454cc2deb9d4d32c40c4d7451939b5d\jaxb-api-2.3.1.jar;C:\Users\user\.gradle\caches\modules-2\files-2.1\javax.activation\javax.activation-api\1.2.0\85262acf3ca9816f9537ca47d5adeabaead7cb16\javax.activation-api-1.2.0.jar;C:\Users\user\.gradle\caches\modules-2\files-2.1\org.dom4j\dom4j\2.1.1\3dce5dbb3571aa820c677fadd8349bfa8f00c199\dom4j-2.1.1.jar;C:\Users\user\.gradle\caches\modules-2\files-2.1\org.checkerframework\checker-compat-qual\2.0.0\fc89b03860d11d6213d0154a62bcd1c2f69b9efa\checker-compat-qual-2.0.0.jar;C:\Users\user\.gradle\caches\modules-2\files-2.1\com.google.errorprone\error_prone_annotations\2.1.3\39b109f2cd352b2d71b52a3b5a1a9850e1dc304b\error_prone_annotations-2.1.3.jar;C:\Users\user\.gradle\caches\modules-2\files-2.1\com.google.j2objc\j2objc-annotations\1.1\ed28ded51a8b1c6b112568def5f4b455e6809019\j2objc-annotations-1.1.jar;C:\Users\user\.gradle\caches\modules-2\files-2.1\org.codehaus.mojo\animal-sniffer-annotations\1.14\775b7e22fb10026eed3f86e8dc556dfafe35f2d5\animal-sniffer-annotations-1.14.jar;C:\Users\user\.gradle\caches\modules-2\files-2.1\org.glassfish.jaxb\txw2\2.3.1\a09d2c48d3285f206fafbffe0e50619284e92126\txw2-2.3.1.jar;C:\Users\user\.gradle\caches\modules-2\files-2.1\com.sun.istack\istack-commons-runtime\3.0.7\c197c86ceec7318b1284bffb49b54226ca774003\istack-commons-runtime-3.0.7.jar;C:\Users\user\.gradle\caches\modules-2\files-2.1\org.jvnet.staxex\stax-ex\1.8\8cc35f73da321c29973191f2cf143d29d26a1df7\stax-ex-1.8.jar;C:\Users\user\.gradle\caches\modules-2\files-2.1\com.sun.xml.fastinfoset\FastInfoset\1.2.15\bb7b7ec0379982b97c62cd17465cb6d9155f68e8\FastInfoset-1.2.15.jar, java.vm.vendor=Oracle Corporation, sun.arch.data.model=64, hbm2ddl.auto=validate, user.variant=, java.vendor.url=http://java.oracle.com/, user.timezone=Europe/Moscow, os.name=Windows 10, java.vm.specification.version=1.8, sun.java.launcher=SUN_STANDARD, user.country=RU, sun.boot.library.path=C:\Program Files\Java\jdk1.8.0_181\jre\bin, sun.java.command=worker.org.gradle.process.internal.worker.GradleWorkerMain 'Gradle Test Executor 11', sun.cpu.endian=little, user.home=C:\Users\user, user.language=ru, java.specification.vendor=Oracle Corporation, hibernate.cache.provider_class=org.hibernate.cache.internal.NoCachingRegionFactory, org.gradle.native=false, java.home=C:\Program Files\Java\jdk1.8.0_181\jre, file.separator=\, line.separator=
, java.vm.specification.vendor=Oracle Corporation, java.specification.name=Java Platform API Specification, java.awt.graphicsenv=sun.awt.Win32GraphicsEnvironment, cache.provider_class=org.hibernate.cache.internal.NoCachingRegionFactory, sun.boot.class.path=C:\Program Files\Java\jdk1.8.0_181\jre\lib\resources.jar;C:\Program Files\Java\jdk1.8.0_181\jre\lib\rt.jar;C:\Program Files\Java\jdk1.8.0_181\jre\lib\sunrsasign.jar;C:\Program Files\Java\jdk1.8.0_181\jre\lib\jsse.jar;C:\Program Files\Java\jdk1.8.0_181\jre\lib\jce.jar;C:\Program Files\Java\jdk1.8.0_181\jre\lib\charsets.jar;C:\Program Files\Java\jdk1.8.0_181\jre\lib\jfr.jar;C:\Program Files\Java\jdk1.8.0_181\jre\classes, hibernate.hbm2ddl.auto=validate, user.script=, connection.password=, sun.management.compiler=HotSpot 64-Bit Tiered Compilers, java.runtime.version=1.8.0_181-b13, user.name=user, path.separator=;, hibernate.connection.username=****, os.version=10.0, java.endorsed.dirs=C:\Program Files\Java\jdk1.8.0_181\jre\lib\endorsed, java.runtime.name=Java(TM) SE Runtime Environment, hibernate.connection.url=jdbc:mysql://localhost:3306/bugtracker?serverTimezone=UTC, connection.pool_size=1, file.encoding=windows-1251, java.vm.name=Java HotSpot(TM) 64-Bit Server VM, hibernate.show_sql=true, show_sql=true, hibernate.connection.driver_class=com.mysql.jdbc.Driver, java.vendor.url.bug=http://bugreport.sun.com/bugreport/, java.io.tmpdir=C:\Users\user\AppData\Local\Temp\, java.version=1.8.0_181, user.dir=C:\Devel\Training\java_automation\mantis-tests, os.arch=amd64, connection.username=root, java.vm.specification.name=Java Virtual Machine Specification, hibernate.connection.password=****, java.awt.printerjob=sun.awt.windows.WPrinterJob, sun.os.patch.level=, connection.driver_class=com.mysql.jdbc.Driver, hibernate.boot.CfgXmlAccessService.key=org.hibernate.boot.cfgxml.spi.LoadedConfig@1ff5fd6f, java.library.path=C:\Program Files\Java\jdk1.8.0_181\bin;C:\windows\Sun\Java\bin;C:\windows\system32;C:\windows;C:\Program Files\Java\jdk1.8.0_181\\bin;C:\Program Files (x86)\Common Files\Oracle\Java\javapath;C:\Program Files\Python37\Scripts\;C:\Program Files\Python37\;C:\windows\system32;C:\windows;C:\windows\System32\Wbem;C:\windows\System32\WindowsPowerShell\v1.0\;C:\windows\System32\OpenSSH\;C:\Program Files (x86)\NVIDIA Corporation\PhysX\Common;C:\Program Files\Git\cmd;C:\Python37\Scripts\;C:\Python37\;C:\Users\user\AppData\Local\Microsoft\WindowsApps;C:\Users\user\AppData\Local\GitHubDesktop\bin;C:\Tools\;;., java.vendor=Oracle Corporation, java.vm.info=mixed mode, java.vm.version=25.181-b13, hibernate.bytecode.use_reflection_optimizer=false, sun.io.unicode.encoding=UnicodeLittle, java.ext.dirs=C:\Program Files\Java\jdk1.8.0_181\jre\lib\ext;C:\windows\Sun\Java\lib\ext, hibernate.connection.pool_size=1, connection.url=jdbc:mysql://localhost:3306/bugtracker?serverTimezone=UTC, java.class.version=52.0}
16:57:53.957 [Test worker] DEBUG org.hibernate.secure.spi.JaccIntegrator - Skipping JACC integration as it was not enabled
16:57:53.958 [Test worker] DEBUG org.hibernate.internal.SessionFactoryImpl - Instantiated session factory
16:57:53.959 [Test worker] DEBUG org.hibernate.type.spi.TypeConfiguration$Scope - Scoping TypeConfiguration [org.hibernate.type.spi.TypeConfiguration@426698b5] to SessionFactoryImpl [org.hibernate.internal.SessionFactoryImpl@356ed246]
16:57:54.025 [Test worker] DEBUG org.hibernate.boot.internal.ClassLoaderAccessImpl - Not known whether passed class name [ru.stqa.pft.mantis.model.UserData] is safe
16:57:54.025 [Test worker] DEBUG org.hibernate.boot.internal.ClassLoaderAccessImpl - No temp ClassLoader provided; using live ClassLoader for loading potentially unsafe class : ru.stqa.pft.mantis.model.UserData
16:57:54.044 [Test worker] DEBUG org.hibernate.boot.internal.ClassLoaderAccessImpl - Not known whether passed class name [ru.stqa.pft.mantis.model.UserData] is safe
16:57:54.045 [Test worker] DEBUG org.hibernate.boot.internal.ClassLoaderAccessImpl - No temp ClassLoader provided; using live ClassLoader for loading potentially unsafe class : ru.stqa.pft.mantis.model.UserData
16:57:54.339 [Test worker] DEBUG org.hibernate.persister.entity.AbstractEntityPersister - Static SQL for entity: ru.stqa.pft.mantis.model.UserData
16:57:54.339 [Test worker] DEBUG org.hibernate.persister.entity.AbstractEntityPersister -  Version select: select id from mantis_user_table where id =?
16:57:54.339 [Test worker] DEBUG org.hibernate.persister.entity.AbstractEntityPersister -  Snapshot select: select userdata_.id, userdata_.email as email2_0_, userdata_.password as password3_0_, userdata_.username as username4_0_ from mantis_user_table userdata_ where userdata_.id=?
16:57:54.339 [Test worker] DEBUG org.hibernate.persister.entity.AbstractEntityPersister -  Insert 0: insert into mantis_user_table (email, password, username, id) values (?, ?, ?, ?)
16:57:54.339 [Test worker] DEBUG org.hibernate.persister.entity.AbstractEntityPersister -  Update 0: update mantis_user_table set email=?, password=?, username=? where id=?
16:57:54.339 [Test worker] DEBUG org.hibernate.persister.entity.AbstractEntityPersister -  Delete 0: delete from mantis_user_table where id=?
16:57:54.355 [Test worker] DEBUG org.hibernate.loader.plan.build.internal.spaces.QuerySpacesImpl - Adding QuerySpace : uid = <gen:0> -> org.hibernate.loader.plan.build.internal.spaces.EntityQuerySpaceImpl@3857b16f]
16:57:54.357 [Test worker] DEBUG org.hibernate.persister.walking.spi.MetamodelGraphWalker - Visiting attribute path : email
16:57:54.357 [Test worker] DEBUG org.hibernate.persister.walking.spi.MetamodelGraphWalker - Visiting attribute path : password
16:57:54.357 [Test worker] DEBUG org.hibernate.persister.walking.spi.MetamodelGraphWalker - Visiting attribute path : username
16:57:54.357 [Test worker] DEBUG org.hibernate.loader.plan.build.internal.FetchStyleLoadPlanBuildingAssociationVisitationStrategy - Building LoadPlan...
16:57:54.366 [Test worker] DEBUG org.hibernate.loader.plan.exec.internal.LoadQueryJoinAndFetchProcessor - processing queryspace <gen:0>
16:57:54.369 [Test worker] DEBUG org.hibernate.loader.plan.build.spi.LoadPlanTreePrinter - LoadPlan(entity=ru.stqa.pft.mantis.model.UserData)
    - Returns
       - EntityReturnImpl(entity=ru.stqa.pft.mantis.model.UserData, querySpaceUid=<gen:0>, path=ru.stqa.pft.mantis.model.UserData)
    - QuerySpaces
       - EntityQuerySpaceImpl(uid=<gen:0>, entity=ru.stqa.pft.mantis.model.UserData)
          - SQL table alias mapping - userdata0_
          - alias suffix - 0_
          - suffixed key columns - {id1_0_0_}

16:57:54.371 [Test worker] DEBUG org.hibernate.loader.entity.plan.EntityLoader - Static select for entity ru.stqa.pft.mantis.model.UserData [NONE]: select userdata0_.id as id1_0_0_, userdata0_.email as email2_0_0_, userdata0_.password as password3_0_0_, userdata0_.username as username4_0_0_ from mantis_user_table userdata0_ where userdata0_.id=?
16:57:54.372 [Test worker] DEBUG org.hibernate.loader.plan.build.internal.spaces.QuerySpacesImpl - Adding QuerySpace : uid = <gen:0> -> org.hibernate.loader.plan.build.internal.spaces.EntityQuerySpaceImpl@7b899f85]
16:57:54.372 [Test worker] DEBUG org.hibernate.persister.walking.spi.MetamodelGraphWalker - Visiting attribute path : email
16:57:54.372 [Test worker] DEBUG org.hibernate.persister.walking.spi.MetamodelGraphWalker - Visiting attribute path : password
16:57:54.372 [Test worker] DEBUG org.hibernate.persister.walking.spi.MetamodelGraphWalker - Visiting attribute path : username
16:57:54.372 [Test worker] DEBUG org.hibernate.loader.plan.build.internal.FetchStyleLoadPlanBuildingAssociationVisitationStrategy - Building LoadPlan...
16:57:54.372 [Test worker] DEBUG org.hibernate.loader.plan.exec.internal.LoadQueryJoinAndFetchProcessor - processing queryspace <gen:0>
16:57:54.372 [Test worker] DEBUG org.hibernate.loader.plan.build.spi.LoadPlanTreePrinter - LoadPlan(entity=ru.stqa.pft.mantis.model.UserData)
    - Returns
       - EntityReturnImpl(entity=ru.stqa.pft.mantis.model.UserData, querySpaceUid=<gen:0>, path=ru.stqa.pft.mantis.model.UserData)
    - QuerySpaces
       - EntityQuerySpaceImpl(uid=<gen:0>, entity=ru.stqa.pft.mantis.model.UserData)
          - SQL table alias mapping - userdata0_
          - alias suffix - 0_
          - suffixed key columns - {id1_0_0_}

16:57:54.372 [Test worker] DEBUG org.hibernate.loader.entity.plan.EntityLoader - Static select for entity ru.stqa.pft.mantis.model.UserData [READ]: select userdata0_.id as id1_0_0_, userdata0_.email as email2_0_0_, userdata0_.password as password3_0_0_, userdata0_.username as username4_0_0_ from mantis_user_table userdata0_ where userdata0_.id=?
16:57:54.385 [Test worker] DEBUG org.hibernate.loader.Loader - Static select for action ACTION_MERGE on entity ru.stqa.pft.mantis.model.UserData: select userdata0_.id as id1_0_0_, userdata0_.email as email2_0_0_, userdata0_.password as password3_0_0_, userdata0_.username as username4_0_0_ from mantis_user_table userdata0_ where userdata0_.id=?
16:57:54.385 [Test worker] DEBUG org.hibernate.loader.Loader - Static select for action ACTION_REFRESH on entity ru.stqa.pft.mantis.model.UserData: select userdata0_.id as id1_0_0_, userdata0_.email as email2_0_0_, userdata0_.password as password3_0_0_, userdata0_.username as username4_0_0_ from mantis_user_table userdata0_ where userdata0_.id=?
16:57:54.419 [Test worker] INFO org.hibernate.orm.connections.access - HHH10001501: Connection obtained from JdbcConnectionAccess [org.hibernate.engine.jdbc.env.internal.JdbcEnvironmentInitiator$ConnectionProviderJdbcConnectionAccess@2eb24d87] for (non-JTA) DDL execution was not in auto-commit mode; the Connection 'local transaction' will be committed and the Connection will be set into auto-commit mode.
16:57:54.534 [Test worker] DEBUG org.hibernate.engine.transaction.jta.platform.internal.JtaPlatformInitiator - No JtaPlatform was specified, checking resolver
16:57:54.535 [Test worker] DEBUG org.hibernate.engine.transaction.jta.platform.internal.JtaPlatformResolverInitiator - No JtaPlatformResolver was specified, using default [org.hibernate.engine.transaction.jta.platform.internal.StandardJtaPlatformResolver]
16:57:54.541 [Test worker] DEBUG org.hibernate.engine.transaction.jta.platform.internal.StandardJtaPlatformResolver - Could not resolve JtaPlatform, using default [org.hibernate.engine.transaction.jta.platform.internal.NoJtaPlatform]
16:57:54.542 [Test worker] INFO org.hibernate.engine.transaction.jta.platform.internal.JtaPlatformInitiator - HHH000490: Using JtaPlatform implementation: [org.hibernate.engine.transaction.jta.platform.internal.NoJtaPlatform]
16:57:54.543 [Test worker] DEBUG org.hibernate.query.spi.NamedQueryRepository - Checking 0 named HQL queries
16:57:54.543 [Test worker] DEBUG org.hibernate.query.spi.NamedQueryRepository - Checking 0 named SQL queries
16:57:54.551 [Test worker] DEBUG org.hibernate.internal.SessionFactoryRegistry - Initializing SessionFactoryRegistry : org.hibernate.internal.SessionFactoryRegistry@399d8ad5
16:57:54.553 [Test worker] DEBUG org.hibernate.internal.SessionFactoryRegistry - Registering SessionFactory: 94c22896-cf18-4169-9a8a-6e63b16888fd (<unnamed>)
16:57:54.553 [Test worker] DEBUG org.hibernate.internal.SessionFactoryRegistry - Not binding SessionFactory to JNDI, no JNDI name configured
16:57:54.603 [Test worker] DEBUG org.hibernate.stat.internal.StatisticsInitiator - Statistics initialized [enabled=false]
16:57:54.612 [Test worker] DEBUG org.hibernate.engine.transaction.internal.TransactionImpl - On TransactionImpl creation, JpaCompliance#isJpaTransactionComplianceEnabled == false
16:57:54.612 [Test worker] DEBUG org.hibernate.engine.transaction.internal.TransactionImpl - begin
16:57:54.624 [Test worker] DEBUG org.hibernate.hql.internal.QueryTranslatorFactoryInitiator - QueryTranslatorFactory: org.hibernate.hql.internal.ast.ASTQueryTranslatorFactory@38a97145
16:57:54.649 [Test worker] DEBUG org.hibernate.hql.internal.ast.QueryTranslatorImpl - parse() - HQL: from ru.stqa.pft.mantis.model.UserData
16:57:54.652 [Test worker] DEBUG org.hibernate.hql.internal.ast.ErrorTracker - throwQueryException() : no errors
16:57:54.659 [Test worker] DEBUG org.hibernate.hql.internal.ast.QueryTranslatorImpl - --- HQL AST ---
 \-[QUERY] Node: 'query'
    \-[SELECT_FROM] Node: 'SELECT_FROM'
       \-[FROM] Node: 'from'
          \-[RANGE] Node: 'RANGE'
             \-[DOT] Node: '.'
                +-[DOT] Node: '.'
                |  +-[DOT] Node: '.'
                |  |  +-[DOT] Node: '.'
                |  |  |  +-[DOT] Node: '.'
                |  |  |  |  +-[IDENT] Node: 'ru'
                |  |  |  |  \-[IDENT] Node: 'stqa'
                |  |  |  \-[IDENT] Node: 'pft'
                |  |  \-[IDENT] Node: 'mantis'
                |  \-[IDENT] Node: 'model'
                \-[IDENT] Node: 'UserData'

16:57:54.682 [Test worker] DEBUG org.hibernate.hql.internal.antlr.HqlSqlBaseWalker - select << begin [level=1, statement=select]
16:57:54.699 [Test worker] DEBUG org.hibernate.hql.internal.ast.tree.FromElement - FromClause{level=1} : ru.stqa.pft.mantis.model.UserData (<no alias>) -> userdata0_
16:57:54.700 [Test worker] DEBUG org.hibernate.hql.internal.antlr.HqlSqlBaseWalker - select : finishing up [level=1, statement=select]
16:57:54.700 [Test worker] DEBUG org.hibernate.hql.internal.ast.HqlSqlWalker - processQuery() :  ( SELECT ( FromClause{level=1} mantis_user_table userdata0_ ) )
16:57:54.709 [Test worker] DEBUG org.hibernate.hql.internal.ast.HqlSqlWalker - Derived SELECT clause created.
16:57:54.714 [Test worker] DEBUG org.hibernate.hql.internal.ast.util.JoinProcessor - Tables referenced from query nodes:
 \-QueryNode
    +-SelectClause
    | referencedTables(entity UserData): [mantis_user_table]
    |  +-SelectExpressionImpl
    |  | persister: SingleTableEntityPersister(ru.stqa.pft.mantis.model.UserData)
    |  | referencedTables: null
    |  \-SqlFragment
    \-FromClause
       \-FromElement

16:57:54.720 [Test worker] DEBUG org.hibernate.hql.internal.ast.util.JoinProcessor - Using FROM fragment [mantis_user_table userdata0_]
16:57:54.721 [Test worker] DEBUG org.hibernate.hql.internal.antlr.HqlSqlBaseWalker - select >> end [level=1, statement=select]
16:57:54.722 [Test worker] DEBUG org.hibernate.hql.internal.ast.QueryTranslatorImpl - --- SQL AST ---
 \-[SELECT] QueryNode: 'SELECT'  querySpaces (mantis_user_table)
    +-[SELECT_CLAUSE] SelectClause: '{derived select clause}'
    |  +-[SELECT_EXPR] SelectExpressionImpl: 'userdata0_.id as id1_0_' {FromElement{explicit,not a collection join,not a fetch join,fetch non-lazy properties,classAlias=null,role=null,tableName=mantis_user_table,tableAlias=userdata0_,origin=null,columns={,className=ru.stqa.pft.mantis.model.UserData}}}
    |  \-[SQL_TOKEN] SqlFragment: 'userdata0_.email as email2_0_, userdata0_.password as password3_0_, userdata0_.username as username4_0_'
    \-[FROM] FromClause: 'from' FromClause{level=1, fromElementCounter=1, fromElements=1, fromElementByClassAlias=[], fromElementByTableAlias=[userdata0_], fromElementsByPath=[], collectionJoinFromElementsByPath=[], impliedElements=[]}
       \-[FROM_FRAGMENT] FromElement: 'mantis_user_table userdata0_' FromElement{explicit,not a collection join,not a fetch join,fetch non-lazy properties,classAlias=null,role=null,tableName=mantis_user_table,tableAlias=userdata0_,origin=null,columns={,className=ru.stqa.pft.mantis.model.UserData}}

16:57:54.725 [Test worker] DEBUG org.hibernate.hql.internal.ast.ErrorTracker - throwQueryException() : no errors
16:57:54.733 [Test worker] DEBUG org.hibernate.hql.internal.ast.QueryTranslatorImpl - HQL: from ru.stqa.pft.mantis.model.UserData
16:57:54.734 [Test worker] DEBUG org.hibernate.hql.internal.ast.QueryTranslatorImpl - SQL: select userdata0_.id as id1_0_, userdata0_.email as email2_0_, userdata0_.password as password3_0_, userdata0_.username as username4_0_ from mantis_user_table userdata0_
16:57:54.734 [Test worker] DEBUG org.hibernate.hql.internal.ast.ErrorTracker - throwQueryException() : no errors
16:57:54.757 [Test worker] DEBUG org.hibernate.SQL - select userdata0_.id as id1_0_, userdata0_.email as email2_0_, userdata0_.password as password3_0_, userdata0_.username as username4_0_ from mantis_user_table userdata0_
Hibernate: select userdata0_.id as id1_0_, userdata0_.email as email2_0_, userdata0_.password as password3_0_, userdata0_.username as username4_0_ from mantis_user_table userdata0_
16:57:54.772 [Test worker] DEBUG org.hibernate.loader.Loader - Result set row: 0
16:57:54.776 [Test worker] DEBUG org.hibernate.loader.Loader - Result row: EntityKey[ru.stqa.pft.mantis.model.UserData#1]
16:57:54.783 [Test worker] DEBUG org.hibernate.loader.Loader - Result set row: 1
16:57:54.783 [Test worker] DEBUG org.hibernate.loader.Loader - Result row: EntityKey[ru.stqa.pft.mantis.model.UserData#15]
16:57:54.783 [Test worker] DEBUG org.hibernate.loader.Loader - Result set row: 2
16:57:54.783 [Test worker] DEBUG org.hibernate.loader.Loader - Result row: EntityKey[ru.stqa.pft.mantis.model.UserData#6]
16:57:54.783 [Test worker] DEBUG org.hibernate.loader.Loader - Result set row: 3
16:57:54.783 [Test worker] DEBUG org.hibernate.loader.Loader - Result row: EntityKey[ru.stqa.pft.mantis.model.UserData#7]
16:57:54.784 [Test worker] DEBUG org.hibernate.loader.Loader - Result set row: 4
16:57:54.784 [Test worker] DEBUG org.hibernate.loader.Loader - Result row: EntityKey[ru.stqa.pft.mantis.model.UserData#8]
16:57:54.784 [Test worker] DEBUG org.hibernate.loader.Loader - Result set row: 5
16:57:54.784 [Test worker] DEBUG org.hibernate.loader.Loader - Result row: EntityKey[ru.stqa.pft.mantis.model.UserData#9]
16:57:54.784 [Test worker] DEBUG org.hibernate.loader.Loader - Result set row: 6
16:57:54.784 [Test worker] DEBUG org.hibernate.loader.Loader - Result row: EntityKey[ru.stqa.pft.mantis.model.UserData#10]
16:57:54.785 [Test worker] DEBUG org.hibernate.loader.Loader - Result set row: 7
16:57:54.785 [Test worker] DEBUG org.hibernate.loader.Loader - Result row: EntityKey[ru.stqa.pft.mantis.model.UserData#11]
16:57:54.785 [Test worker] DEBUG org.hibernate.loader.Loader - Result set row: 8
16:57:54.785 [Test worker] DEBUG org.hibernate.loader.Loader - Result row: EntityKey[ru.stqa.pft.mantis.model.UserData#12]
16:57:54.785 [Test worker] DEBUG org.hibernate.loader.Loader - Result set row: 9
16:57:54.785 [Test worker] DEBUG org.hibernate.loader.Loader - Result row: EntityKey[ru.stqa.pft.mantis.model.UserData#13]
16:57:54.786 [Test worker] DEBUG org.hibernate.loader.Loader - Result set row: 10
16:57:54.786 [Test worker] DEBUG org.hibernate.loader.Loader - Result row: EntityKey[ru.stqa.pft.mantis.model.UserData#14]
16:57:54.787 [Test worker] DEBUG org.hibernate.engine.internal.TwoPhaseLoad - Resolving attributes for [ru.stqa.pft.mantis.model.UserData#1]
16:57:54.788 [Test worker] DEBUG org.hibernate.engine.internal.TwoPhaseLoad - Processing attribute `email` : value = root@localhost
16:57:54.788 [Test worker] DEBUG org.hibernate.engine.internal.TwoPhaseLoad - Attribute (`email`)  - enhanced for lazy-loading? - false
16:57:54.789 [Test worker] DEBUG org.hibernate.engine.internal.TwoPhaseLoad - Processing attribute `password` : value = 63a9f0ea7bb98050796b649e85481845
16:57:54.789 [Test worker] DEBUG org.hibernate.engine.internal.TwoPhaseLoad - Attribute (`password`)  - enhanced for lazy-loading? - false
16:57:54.789 [Test worker] DEBUG org.hibernate.engine.internal.TwoPhaseLoad - Processing attribute `username` : value = administrator
16:57:54.789 [Test worker] DEBUG org.hibernate.engine.internal.TwoPhaseLoad - Attribute (`username`)  - enhanced for lazy-loading? - false
16:57:54.791 [Test worker] DEBUG org.hibernate.engine.internal.TwoPhaseLoad - Done materializing entity [ru.stqa.pft.mantis.model.UserData#1]
16:57:54.791 [Test worker] DEBUG org.hibernate.engine.internal.TwoPhaseLoad - Resolving attributes for [ru.stqa.pft.mantis.model.UserData#15]
16:57:54.791 [Test worker] DEBUG org.hibernate.engine.internal.TwoPhaseLoad - Processing attribute `email` : value = user1576326390512@localhost
16:57:54.791 [Test worker] DEBUG org.hibernate.engine.internal.TwoPhaseLoad - Attribute (`email`)  - enhanced for lazy-loading? - false
16:57:54.791 [Test worker] DEBUG org.hibernate.engine.internal.TwoPhaseLoad - Processing attribute `password` : value = b8fbb7f8bb969c3cedf69f871d856c82
16:57:54.791 [Test worker] DEBUG org.hibernate.engine.internal.TwoPhaseLoad - Attribute (`password`)  - enhanced for lazy-loading? - false
16:57:54.792 [Test worker] DEBUG org.hibernate.engine.internal.TwoPhaseLoad - Processing attribute `username` : value = user1576326390512
16:57:54.792 [Test worker] DEBUG org.hibernate.engine.internal.TwoPhaseLoad - Attribute (`username`)  - enhanced for lazy-loading? - false
16:57:54.792 [Test worker] DEBUG org.hibernate.engine.internal.TwoPhaseLoad - Done materializing entity [ru.stqa.pft.mantis.model.UserData#15]
16:57:54.792 [Test worker] DEBUG org.hibernate.engine.internal.TwoPhaseLoad - Resolving attributes for [ru.stqa.pft.mantis.model.UserData#6]
16:57:54.792 [Test worker] DEBUG org.hibernate.engine.internal.TwoPhaseLoad - Processing attribute `email` : value = user1575812137107@localhost.localdomain
16:57:54.792 [Test worker] DEBUG org.hibernate.engine.internal.TwoPhaseLoad - Attribute (`email`)  - enhanced for lazy-loading? - false
16:57:54.792 [Test worker] DEBUG org.hibernate.engine.internal.TwoPhaseLoad - Processing attribute `password` : value = 6e402721bd421f215e10c34e0a37189a
16:57:54.792 [Test worker] DEBUG org.hibernate.engine.internal.TwoPhaseLoad - Attribute (`password`)  - enhanced for lazy-loading? - false
16:57:54.792 [Test worker] DEBUG org.hibernate.engine.internal.TwoPhaseLoad - Processing attribute `username` : value = user1575812137107
16:57:54.792 [Test worker] DEBUG org.hibernate.engine.internal.TwoPhaseLoad - Attribute (`username`)  - enhanced for lazy-loading? - false
16:57:54.792 [Test worker] DEBUG org.hibernate.engine.internal.TwoPhaseLoad - Done materializing entity [ru.stqa.pft.mantis.model.UserData#6]
16:57:54.792 [Test worker] DEBUG org.hibernate.engine.internal.TwoPhaseLoad - Resolving attributes for [ru.stqa.pft.mantis.model.UserData#7]
16:57:54.792 [Test worker] DEBUG org.hibernate.engine.internal.TwoPhaseLoad - Processing attribute `email` : value = user1575812603272@localhost.localdomain
16:57:54.793 [Test worker] DEBUG org.hibernate.engine.internal.TwoPhaseLoad - Attribute (`email`)  - enhanced for lazy-loading? - false
16:57:54.793 [Test worker] DEBUG org.hibernate.engine.internal.TwoPhaseLoad - Processing attribute `password` : value = 2483aa5206d7bf07091d04baee8bab96
16:57:54.793 [Test worker] DEBUG org.hibernate.engine.internal.TwoPhaseLoad - Attribute (`password`)  - enhanced for lazy-loading? - false
16:57:54.793 [Test worker] DEBUG org.hibernate.engine.internal.TwoPhaseLoad - Processing attribute `username` : value = user1575812603272
16:57:54.793 [Test worker] DEBUG org.hibernate.engine.internal.TwoPhaseLoad - Attribute (`username`)  - enhanced for lazy-loading? - false
16:57:54.793 [Test worker] DEBUG org.hibernate.engine.internal.TwoPhaseLoad - Done materializing entity [ru.stqa.pft.mantis.model.UserData#7]
16:57:54.793 [Test worker] DEBUG org.hibernate.engine.internal.TwoPhaseLoad - Resolving attributes for [ru.stqa.pft.mantis.model.UserData#8]
16:57:54.793 [Test worker] DEBUG org.hibernate.engine.internal.TwoPhaseLoad - Processing attribute `email` : value = user1575813039520@localhost.localdomain
16:57:54.793 [Test worker] DEBUG org.hibernate.engine.internal.TwoPhaseLoad - Attribute (`email`)  - enhanced for lazy-loading? - false
16:57:54.793 [Test worker] DEBUG org.hibernate.engine.internal.TwoPhaseLoad - Processing attribute `password` : value = e5920831fd65edbd8b8a0458099a0c21
16:57:54.793 [Test worker] DEBUG org.hibernate.engine.internal.TwoPhaseLoad - Attribute (`password`)  - enhanced for lazy-loading? - false
16:57:54.793 [Test worker] DEBUG org.hibernate.engine.internal.TwoPhaseLoad - Processing attribute `username` : value = user1575813039520
16:57:54.794 [Test worker] DEBUG org.hibernate.engine.internal.TwoPhaseLoad - Attribute (`username`)  - enhanced for lazy-loading? - false
16:57:54.794 [Test worker] DEBUG org.hibernate.engine.internal.TwoPhaseLoad - Done materializing entity [ru.stqa.pft.mantis.model.UserData#8]
16:57:54.794 [Test worker] DEBUG org.hibernate.engine.internal.TwoPhaseLoad - Resolving attributes for [ru.stqa.pft.mantis.model.UserData#9]
16:57:54.794 [Test worker] DEBUG org.hibernate.engine.internal.TwoPhaseLoad - Processing attribute `email` : value = user1575816113091@localhost.localdomain
16:57:54.794 [Test worker] DEBUG org.hibernate.engine.internal.TwoPhaseLoad - Attribute (`email`)  - enhanced for lazy-loading? - false
16:57:54.794 [Test worker] DEBUG org.hibernate.engine.internal.TwoPhaseLoad - Processing attribute `password` : value = d8441d6d4921dc0e0e23528e5b03120e
16:57:54.794 [Test worker] DEBUG org.hibernate.engine.internal.TwoPhaseLoad - Attribute (`password`)  - enhanced for lazy-loading? - false
16:57:54.795 [Test worker] DEBUG org.hibernate.engine.internal.TwoPhaseLoad - Processing attribute `username` : value = user1575816113091
16:57:54.795 [Test worker] DEBUG org.hibernate.engine.internal.TwoPhaseLoad - Attribute (`username`)  - enhanced for lazy-loading? - false
16:57:54.795 [Test worker] DEBUG org.hibernate.engine.internal.TwoPhaseLoad - Done materializing entity [ru.stqa.pft.mantis.model.UserData#9]
16:57:54.795 [Test worker] DEBUG org.hibernate.engine.internal.TwoPhaseLoad - Resolving attributes for [ru.stqa.pft.mantis.model.UserData#10]
16:57:54.795 [Test worker] DEBUG org.hibernate.engine.internal.TwoPhaseLoad - Processing attribute `email` : value = user1575819290681@localhost.localdomain
16:57:54.795 [Test worker] DEBUG org.hibernate.engine.internal.TwoPhaseLoad - Attribute (`email`)  - enhanced for lazy-loading? - false
16:57:54.796 [Test worker] DEBUG org.hibernate.engine.internal.TwoPhaseLoad - Processing attribute `password` : value = 22e5e22dcebf6ce36a1765a4284580ab
16:57:54.796 [Test worker] DEBUG org.hibernate.engine.internal.TwoPhaseLoad - Attribute (`password`)  - enhanced for lazy-loading? - false
16:57:54.796 [Test worker] DEBUG org.hibernate.engine.internal.TwoPhaseLoad - Processing attribute `username` : value = user1575819290681
16:57:54.796 [Test worker] DEBUG org.hibernate.engine.internal.TwoPhaseLoad - Attribute (`username`)  - enhanced for lazy-loading? - false
16:57:54.796 [Test worker] DEBUG org.hibernate.engine.internal.TwoPhaseLoad - Done materializing entity [ru.stqa.pft.mantis.model.UserData#10]
16:57:54.797 [Test worker] DEBUG org.hibernate.engine.internal.TwoPhaseLoad - Resolving attributes for [ru.stqa.pft.mantis.model.UserData#11]
16:57:54.797 [Test worker] DEBUG org.hibernate.engine.internal.TwoPhaseLoad - Processing attribute `email` : value = user1575820351122@localhost.localdomain
16:57:54.797 [Test worker] DEBUG org.hibernate.engine.internal.TwoPhaseLoad - Attribute (`email`)  - enhanced for lazy-loading? - false
16:57:54.797 [Test worker] DEBUG org.hibernate.engine.internal.TwoPhaseLoad - Processing attribute `password` : value = 18660db210ec4476c13777e5ab274ce5
16:57:54.797 [Test worker] DEBUG org.hibernate.engine.internal.TwoPhaseLoad - Attribute (`password`)  - enhanced for lazy-loading? - false
16:57:54.797 [Test worker] DEBUG org.hibernate.engine.internal.TwoPhaseLoad - Processing attribute `username` : value = user1575820351122
16:57:54.797 [Test worker] DEBUG org.hibernate.engine.internal.TwoPhaseLoad - Attribute (`username`)  - enhanced for lazy-loading? - false
16:57:54.798 [Test worker] DEBUG org.hibernate.engine.internal.TwoPhaseLoad - Done materializing entity [ru.stqa.pft.mantis.model.UserData#11]
16:57:54.798 [Test worker] DEBUG org.hibernate.engine.internal.TwoPhaseLoad - Resolving attributes for [ru.stqa.pft.mantis.model.UserData#12]
16:57:54.798 [Test worker] DEBUG org.hibernate.engine.internal.TwoPhaseLoad - Processing attribute `email` : value = user1575820625070@localhost.localdomain
16:57:54.798 [Test worker] DEBUG org.hibernate.engine.internal.TwoPhaseLoad - Attribute (`email`)  - enhanced for lazy-loading? - false
16:57:54.798 [Test worker] DEBUG org.hibernate.engine.internal.TwoPhaseLoad - Processing attribute `password` : value = 0c5d0394397966af8e91475ade30a47a
16:57:54.798 [Test worker] DEBUG org.hibernate.engine.internal.TwoPhaseLoad - Attribute (`password`)  - enhanced for lazy-loading? - false
16:57:54.798 [Test worker] DEBUG org.hibernate.engine.internal.TwoPhaseLoad - Processing attribute `username` : value = user1575820625070
16:57:54.798 [Test worker] DEBUG org.hibernate.engine.internal.TwoPhaseLoad - Attribute (`username`)  - enhanced for lazy-loading? - false
16:57:54.798 [Test worker] DEBUG org.hibernate.engine.internal.TwoPhaseLoad - Done materializing entity [ru.stqa.pft.mantis.model.UserData#12]
16:57:54.799 [Test worker] DEBUG org.hibernate.engine.internal.TwoPhaseLoad - Resolving attributes for [ru.stqa.pft.mantis.model.UserData#13]
16:57:54.799 [Test worker] DEBUG org.hibernate.engine.internal.TwoPhaseLoad - Processing attribute `email` : value = user1575825413125@localhost
16:57:54.799 [Test worker] DEBUG org.hibernate.engine.internal.TwoPhaseLoad - Attribute (`email`)  - enhanced for lazy-loading? - false
16:57:54.799 [Test worker] DEBUG org.hibernate.engine.internal.TwoPhaseLoad - Processing attribute `password` : value = 42dd89fb6eb807882311a2dfa3b3885e
16:57:54.799 [Test worker] DEBUG org.hibernate.engine.internal.TwoPhaseLoad - Attribute (`password`)  - enhanced for lazy-loading? - false
16:57:54.799 [Test worker] DEBUG org.hibernate.engine.internal.TwoPhaseLoad - Processing attribute `username` : value = user1575825413125
16:57:54.800 [Test worker] DEBUG org.hibernate.engine.internal.TwoPhaseLoad - Attribute (`username`)  - enhanced for lazy-loading? - false
16:57:54.800 [Test worker] DEBUG org.hibernate.engine.internal.TwoPhaseLoad - Done materializing entity [ru.stqa.pft.mantis.model.UserData#13]
16:57:54.800 [Test worker] DEBUG org.hibernate.engine.internal.TwoPhaseLoad - Resolving attributes for [ru.stqa.pft.mantis.model.UserData#14]
16:57:54.800 [Test worker] DEBUG org.hibernate.engine.internal.TwoPhaseLoad - Processing attribute `email` : value = user1575825555961@localhost
16:57:54.800 [Test worker] DEBUG org.hibernate.engine.internal.TwoPhaseLoad - Attribute (`email`)  - enhanced for lazy-loading? - false
16:57:54.800 [Test worker] DEBUG org.hibernate.engine.internal.TwoPhaseLoad - Processing attribute `password` : value = e7ce74bcf7c9fadfd1d991b07bc14e04
16:57:54.800 [Test worker] DEBUG org.hibernate.engine.internal.TwoPhaseLoad - Attribute (`password`)  - enhanced for lazy-loading? - false
16:57:54.800 [Test worker] DEBUG org.hibernate.engine.internal.TwoPhaseLoad - Processing attribute `username` : value = user1575825555961
16:57:54.800 [Test worker] DEBUG org.hibernate.engine.internal.TwoPhaseLoad - Attribute (`username`)  - enhanced for lazy-loading? - false
16:57:54.801 [Test worker] DEBUG org.hibernate.engine.internal.TwoPhaseLoad - Done materializing entity [ru.stqa.pft.mantis.model.UserData#14]
16:57:54.805 [Test worker] DEBUG org.hibernate.engine.transaction.internal.TransactionImpl - committing
16:57:54.807 [Test worker] DEBUG org.hibernate.event.internal.AbstractFlushingEventListener - Processing flush-time cascades
16:57:54.812 [Test worker] DEBUG org.hibernate.event.internal.AbstractFlushingEventListener - Dirty checking collections
16:57:54.820 [Test worker] DEBUG org.hibernate.event.internal.AbstractFlushingEventListener - Flushed: 0 insertions, 0 updates, 0 deletions to 11 objects
16:57:54.821 [Test worker] DEBUG org.hibernate.event.internal.AbstractFlushingEventListener - Flushed: 0 (re)creations, 0 updates, 0 removals to 0 collections
16:57:54.823 [Test worker] DEBUG org.hibernate.internal.util.EntityPrinter - Listing entities:
16:57:54.823 [Test worker] DEBUG org.hibernate.internal.util.EntityPrinter - ru.stqa.pft.mantis.model.UserData{password=63a9f0ea7bb98050796b649e85481845, id=1, email=root@localhost, username=administrator}
16:57:54.823 [Test worker] DEBUG org.hibernate.internal.util.EntityPrinter - ru.stqa.pft.mantis.model.UserData{password=b8fbb7f8bb969c3cedf69f871d856c82, id=15, email=user1576326390512@localhost, username=user1576326390512}
16:57:54.823 [Test worker] DEBUG org.hibernate.internal.util.EntityPrinter - ru.stqa.pft.mantis.model.UserData{password=e7ce74bcf7c9fadfd1d991b07bc14e04, id=14, email=user1575825555961@localhost, username=user1575825555961}
16:57:54.823 [Test worker] DEBUG org.hibernate.internal.util.EntityPrinter - ru.stqa.pft.mantis.model.UserData{password=42dd89fb6eb807882311a2dfa3b3885e, id=13, email=user1575825413125@localhost, username=user1575825413125}
16:57:54.823 [Test worker] DEBUG org.hibernate.internal.util.EntityPrinter - ru.stqa.pft.mantis.model.UserData{password=0c5d0394397966af8e91475ade30a47a, id=12, email=user1575820625070@localhost.localdomain, username=user1575820625070}
16:57:54.823 [Test worker] DEBUG org.hibernate.internal.util.EntityPrinter - ru.stqa.pft.mantis.model.UserData{password=18660db210ec4476c13777e5ab274ce5, id=11, email=user1575820351122@localhost.localdomain, username=user1575820351122}
16:57:54.824 [Test worker] DEBUG org.hibernate.internal.util.EntityPrinter - ru.stqa.pft.mantis.model.UserData{password=22e5e22dcebf6ce36a1765a4284580ab, id=10, email=user1575819290681@localhost.localdomain, username=user1575819290681}
16:57:54.824 [Test worker] DEBUG org.hibernate.internal.util.EntityPrinter - ru.stqa.pft.mantis.model.UserData{password=d8441d6d4921dc0e0e23528e5b03120e, id=9, email=user1575816113091@localhost.localdomain, username=user1575816113091}
16:57:54.824 [Test worker] DEBUG org.hibernate.internal.util.EntityPrinter - ru.stqa.pft.mantis.model.UserData{password=e5920831fd65edbd8b8a0458099a0c21, id=8, email=user1575813039520@localhost.localdomain, username=user1575813039520}
16:57:54.824 [Test worker] DEBUG org.hibernate.internal.util.EntityPrinter - ru.stqa.pft.mantis.model.UserData{password=2483aa5206d7bf07091d04baee8bab96, id=7, email=user1575812603272@localhost.localdomain, username=user1575812603272}
16:57:54.824 [Test worker] DEBUG org.hibernate.internal.util.EntityPrinter - ru.stqa.pft.mantis.model.UserData{password=6e402721bd421f215e10c34e0a37189a, id=6, email=user1575812137107@localhost.localdomain, username=user1575812137107}
16:57:54.827 [Test worker] DEBUG org.hibernate.resource.jdbc.internal.LogicalConnectionManagedImpl - Initiating JDBC connection release from afterTransaction
16:57:54.828 [Test worker] DEBUG org.hibernate.resource.jdbc.internal.LogicalConnectionManagedImpl - Initiating JDBC connection release from afterTransaction
JAMES Remote Administration Tool 2.3.1
Please enter your login and password
Login id:root

Password:root

Welcome root. HELP for a list of commandssetpassword user1575825555961 password

Password for user1575825555961 resetquit
]]></system-out>
  <system-err><![CDATA[Starting ChromeDriver 79.0.3945.36 (3582db32b33893869b8c1339e8f4d9ed1816f143-refs/branch-heads/3945@{#614}) on port 33899
Only local connections are allowed.
Please protect ports used by ChromeDriver and related test frameworks to prevent access by malicious code.
дек 14, 2019 4:57:50 PM org.openqa.selenium.remote.ProtocolHandshake createSession
INFO: Detected dialect: W3C
Loading class `com.mysql.jdbc.Driver'. This is deprecated. The new driver class is `com.mysql.cj.jdbc.Driver'. The driver is automatically registered via the SPI and manual loading of the driver class is generally unnecessary.
]]></system-err>
</testsuite>
