<?xml version="1.0" encoding="UTF-8"?>
<testsuite name="ru.stqa.pft.addressbook.tests.grouptests.GroupDeletionTests" tests="1" skipped="0" failures="0" errors="0" timestamp="2019-12-01T16:59:00" hostname="LAPTOP-1DCL0BJ6" time="0.579">
  <properties/>
  <testcase name="testDeleteSelectedGroup" classname="ru.stqa.pft.addressbook.tests.grouptests.GroupDeletionTests" time="0.579"/>
  <system-out><![CDATA[19:59:00.222 [Test worker] INFO  r.s.p.a.t.g.GroupCreationTests - Start test testDeleteSelectedGroup
Hibernate: select groupdata0_.group_id as group_id1_2_, groupdata0_.group_footer as group_fo2_2_, groupdata0_.group_header as group_he3_2_, groupdata0_.group_name as group_na4_2_ from group_list groupdata0_
Hibernate: select groupdata0_.group_id as group_id1_2_, groupdata0_.group_footer as group_fo2_2_, groupdata0_.group_header as group_he3_2_, groupdata0_.group_name as group_na4_2_ from group_list groupdata0_
Hibernate: select groupdata0_.group_id as group_id1_2_, groupdata0_.group_footer as group_fo2_2_, groupdata0_.group_header as group_he3_2_, groupdata0_.group_name as group_na4_2_ from group_list groupdata0_
19:59:00.821 [Test worker] INFO  r.s.p.a.t.g.GroupCreationTests - Stop test testDeleteSelectedGroup
]]></system-out>
  <system-err><![CDATA[]]></system-err>
</testsuite>
