<?xml version="1.0" encoding="UTF-8"?>
<testsuite name="ru.stqa.pft.addressbook.tests.grouptests.GroupCreationTests" tests="4" skipped="0" failures="0" errors="0" timestamp="2019-12-01T16:58:53" hostname="LAPTOP-1DCL0BJ6" time="6.867">
  <properties/>
  <testcase name="testCreateBadGroup" classname="ru.stqa.pft.addressbook.tests.grouptests.GroupCreationTests" time="2.252"/>
  <testcase name="testCreateNewGroup[0](GroupData{id='2147483647', name='test 0', header='header 0', footer='footer 0})" classname="ru.stqa.pft.addressbook.tests.grouptests.GroupCreationTests" time="1.754"/>
  <testcase name="testCreateNewGroup[1](GroupData{id='2147483647', name='test 1', header='header 1', footer='footer 1})" classname="ru.stqa.pft.addressbook.tests.grouptests.GroupCreationTests" time="1.431"/>
  <testcase name="testCreateNewGroup[2](GroupData{id='2147483647', name='test 2', header='header 2', footer='footer 2})" classname="ru.stqa.pft.addressbook.tests.grouptests.GroupCreationTests" time="1.314"/>
  <system-out><![CDATA[19:58:53.345 [Test worker] INFO  r.s.p.a.t.g.GroupCreationTests - Start test testCreateBadGroup
Hibernate: select groupdata0_.group_id as group_id1_2_, groupdata0_.group_footer as group_fo2_2_, groupdata0_.group_header as group_he3_2_, groupdata0_.group_name as group_na4_2_ from group_list groupdata0_
Hibernate: select groupdata0_.group_id as group_id1_2_, groupdata0_.group_footer as group_fo2_2_, groupdata0_.group_header as group_he3_2_, groupdata0_.group_name as group_na4_2_ from group_list groupdata0_
19:58:55.607 [Test worker] INFO  r.s.p.a.t.g.GroupCreationTests - Stop test testCreateBadGroup
19:58:55.716 [Test worker] INFO  r.s.p.a.t.g.GroupCreationTests - Start test testCreateNewGroup
Hibernate: select groupdata0_.group_id as group_id1_2_, groupdata0_.group_footer as group_fo2_2_, groupdata0_.group_header as group_he3_2_, groupdata0_.group_name as group_na4_2_ from group_list groupdata0_
Hibernate: select groupdata0_.group_id as group_id1_2_, groupdata0_.group_footer as group_fo2_2_, groupdata0_.group_header as group_he3_2_, groupdata0_.group_name as group_na4_2_ from group_list groupdata0_
19:58:57.471 [Test worker] INFO  r.s.p.a.t.g.GroupCreationTests - Stop test testCreateNewGroup
19:58:57.471 [Test worker] INFO  r.s.p.a.t.g.GroupCreationTests - Start test testCreateNewGroup
Hibernate: select groupdata0_.group_id as group_id1_2_, groupdata0_.group_footer as group_fo2_2_, groupdata0_.group_header as group_he3_2_, groupdata0_.group_name as group_na4_2_ from group_list groupdata0_
Hibernate: select groupdata0_.group_id as group_id1_2_, groupdata0_.group_footer as group_fo2_2_, groupdata0_.group_header as group_he3_2_, groupdata0_.group_name as group_na4_2_ from group_list groupdata0_
19:58:58.903 [Test worker] INFO  r.s.p.a.t.g.GroupCreationTests - Stop test testCreateNewGroup
19:58:58.903 [Test worker] INFO  r.s.p.a.t.g.GroupCreationTests - Start test testCreateNewGroup
Hibernate: select groupdata0_.group_id as group_id1_2_, groupdata0_.group_footer as group_fo2_2_, groupdata0_.group_header as group_he3_2_, groupdata0_.group_name as group_na4_2_ from group_list groupdata0_
Hibernate: select groupdata0_.group_id as group_id1_2_, groupdata0_.group_footer as group_fo2_2_, groupdata0_.group_header as group_he3_2_, groupdata0_.group_name as group_na4_2_ from group_list groupdata0_
19:59:00.218 [Test worker] INFO  r.s.p.a.t.g.GroupCreationTests - Stop test testCreateNewGroup
]]></system-out>
  <system-err><![CDATA[]]></system-err>
</testsuite>
