<?xml version="1.0" encoding="UTF-8"?>
<testsuite name="ru.stqa.pft.addressbook.tests.grouptests.GroupCreationTests" tests="3" skipped="0" failures="0" errors="0" timestamp="2019-11-24T20:14:51" hostname="LAPTOP-1DCL0BJ6" time="11.122">
  <properties/>
  <testcase name="testCreateNewGroup[0](GroupData{id='2147483647', name='test 0', header='header 0', footer='footer 0})" classname="ru.stqa.pft.addressbook.tests.grouptests.GroupCreationTests" time="6.471"/>
  <testcase name="testCreateNewGroup[1](GroupData{id='2147483647', name='test 1', header='header 1', footer='footer 1})" classname="ru.stqa.pft.addressbook.tests.grouptests.GroupCreationTests" time="2.376"/>
  <testcase name="testCreateNewGroup[2](GroupData{id='2147483647', name='test 2', header='header 2', footer='footer 2})" classname="ru.stqa.pft.addressbook.tests.grouptests.GroupCreationTests" time="2.266"/>
  <system-out><![CDATA[23:14:51.213 [Test worker] INFO  r.s.p.a.t.g.GroupCreationTests - Start test testCreateNewGroup
23:14:57.698 [Test worker] INFO  r.s.p.a.t.g.GroupCreationTests - Stop test testCreateNewGroup
23:14:57.700 [Test worker] INFO  r.s.p.a.t.g.GroupCreationTests - Start test testCreateNewGroup
23:15:00.078 [Test worker] INFO  r.s.p.a.t.g.GroupCreationTests - Stop test testCreateNewGroup
23:15:00.079 [Test worker] INFO  r.s.p.a.t.g.GroupCreationTests - Start test testCreateNewGroup
23:15:02.345 [Test worker] INFO  r.s.p.a.t.g.GroupCreationTests - Stop test testCreateNewGroup
]]></system-out>
  <system-err><![CDATA[]]></system-err>
</testsuite>
