<?xml version="1.0" encoding="UTF-8"?>
<testsuite name="ru.stqa.pft.addressbook.tests.grouptests.GroupModificationTests" tests="1" skipped="0" failures="0" errors="0" timestamp="2019-11-24T20:15:05" hostname="LAPTOP-1DCL0BJ6" time="3.749">
  <properties/>
  <testcase name="testGroupModification" classname="ru.stqa.pft.addressbook.tests.grouptests.GroupModificationTests" time="3.749"/>
  <system-out><![CDATA[23:15:05.339 [Test worker] INFO  r.s.p.a.t.g.GroupCreationTests - Start test testGroupModification
23:15:09.251 [Test worker] INFO  r.s.p.a.t.g.GroupCreationTests - Stop test testGroupModification
]]></system-out>
  <system-err><![CDATA[]]></system-err>
</testsuite>
