<?xml version="1.0" encoding="UTF-8"?>
<testsuite name="ru.stqa.pft.addressbook.tests.grouptests.GroupModificationTests" tests="1" skipped="0" failures="0" errors="0" timestamp="2019-12-01T16:59:00" hostname="LAPTOP-1DCL0BJ6" time="1.378">
  <properties/>
  <testcase name="testGroupModification" classname="ru.stqa.pft.addressbook.tests.grouptests.GroupModificationTests" time="1.378"/>
  <system-out><![CDATA[19:59:00.824 [Test worker] INFO  r.s.p.a.t.g.GroupCreationTests - Start test testGroupModification
Hibernate: select groupdata0_.group_id as group_id1_2_, groupdata0_.group_footer as group_fo2_2_, groupdata0_.group_header as group_he3_2_, groupdata0_.group_name as group_na4_2_ from group_list groupdata0_
Hibernate: select groupdata0_.group_id as group_id1_2_, groupdata0_.group_footer as group_fo2_2_, groupdata0_.group_header as group_he3_2_, groupdata0_.group_name as group_na4_2_ from group_list groupdata0_
Hibernate: select groupdata0_.group_id as group_id1_2_, groupdata0_.group_footer as group_fo2_2_, groupdata0_.group_header as group_he3_2_, groupdata0_.group_name as group_na4_2_ from group_list groupdata0_
19:59:02.213 [Test worker] INFO  r.s.p.a.t.g.GroupCreationTests - Stop test testGroupModification
]]></system-out>
  <system-err><![CDATA[]]></system-err>
</testsuite>
