<?xml version="1.0" encoding="UTF-8"?>
<testsuite name="ru.stqa.pft.addressbook.tests.contacttests.ContactInGroupTests" tests="1" skipped="0" failures="0" errors="0" timestamp="2019-12-07T10:29:05" hostname="LAPTOP-1DCL0BJ6" time="0.72">
  <properties/>
  <testcase name="testRemoveContactFromGroup" classname="ru.stqa.pft.addressbook.tests.contacttests.ContactInGroupTests" time="0.72"/>
  <system-out><![CDATA[13:29:05.586 [Test worker] INFO  r.s.p.a.t.g.GroupCreationTests - Start test testRemoveContactFromGroup
Hibernate: select groupdata0_.group_id as group_id1_2_, groupdata0_.group_footer as group_fo2_2_, groupdata0_.group_header as group_he3_2_, groupdata0_.group_name as group_na4_2_ from group_list groupdata0_
Hibernate: select contactdat0_.id as id1_1_, contactdat0_.email as email2_1_, contactdat0_.firstname as firstnam3_1_, contactdat0_.home as home4_1_, contactdat0_.lastname as lastname5_1_, contactdat0_.middlename as middlena6_1_, contactdat0_.mobile as mobile7_1_, contactdat0_.nickname as nickname8_1_, contactdat0_.photo as photo9_1_, contactdat0_.work as work10_1_ from addressbook contactdat0_ where deprecated='0000-00-00'
Hibernate: select groups0_.id as id1_0_0_, groups0_.group_id as group_id2_0_0_, groupdata1_.group_id as group_id1_2_1_, groupdata1_.group_footer as group_fo2_2_1_, groupdata1_.group_header as group_he3_2_1_, groupdata1_.group_name as group_na4_2_1_ from address_in_groups groups0_ inner join group_list groupdata1_ on groups0_.group_id=groupdata1_.group_id where groups0_.id=?
Hibernate: select groupdata0_.group_id as group_id1_2_, groupdata0_.group_footer as group_fo2_2_, groupdata0_.group_header as group_he3_2_, groupdata0_.group_name as group_na4_2_ from group_list groupdata0_
Hibernate: select contactdat0_.id as id1_1_, contactdat0_.email as email2_1_, contactdat0_.firstname as firstnam3_1_, contactdat0_.home as home4_1_, contactdat0_.lastname as lastname5_1_, contactdat0_.middlename as middlena6_1_, contactdat0_.mobile as mobile7_1_, contactdat0_.nickname as nickname8_1_, contactdat0_.photo as photo9_1_, contactdat0_.work as work10_1_ from addressbook contactdat0_ where deprecated='0000-00-00'
Hibernate: select groups0_.id as id1_0_0_, groups0_.group_id as group_id2_0_0_, groupdata1_.group_id as group_id1_2_1_, groupdata1_.group_footer as group_fo2_2_1_, groupdata1_.group_header as group_he3_2_1_, groupdata1_.group_name as group_na4_2_1_ from address_in_groups groups0_ inner join group_list groupdata1_ on groups0_.group_id=groupdata1_.group_id where groups0_.id=?
Hibernate: select groupdata0_.group_id as group_id1_2_, groupdata0_.group_footer as group_fo2_2_, groupdata0_.group_header as group_he3_2_, groupdata0_.group_name as group_na4_2_ from group_list groupdata0_
Hibernate: select groupdata0_.group_id as group_id1_2_, groupdata0_.group_footer as group_fo2_2_, groupdata0_.group_header as group_he3_2_, groupdata0_.group_name as group_na4_2_ from group_list groupdata0_
13:29:06.610 [Test worker] INFO  r.s.p.a.t.g.GroupCreationTests - Stop test testRemoveContactFromGroup
]]></system-out>
  <system-err><![CDATA[]]></system-err>
</testsuite>
