<?xml version="1.0" encoding="UTF-8"?>
<testsuite name="ru.stqa.pft.addressbook.tests.contacttests.contactinfo.ContactInfoTests" tests="3" skipped="0" failures="0" errors="0" timestamp="2019-11-24T18:33:13" hostname="LAPTOP-1DCL0BJ6" time="1.341">
  <properties/>
  <testcase name="testContactAddresses" classname="ru.stqa.pft.addressbook.tests.contacttests.contactinfo.ContactInfoTests" time="0.505"/>
  <testcase name="testContactEmails" classname="ru.stqa.pft.addressbook.tests.contacttests.contactinfo.ContactInfoTests" time="0.422"/>
  <testcase name="testContactPhones" classname="ru.stqa.pft.addressbook.tests.contacttests.contactinfo.ContactInfoTests" time="0.378"/>
  <system-out><![CDATA[]]></system-out>
  <system-err><![CDATA[]]></system-err>
</testsuite>
