<?xml version="1.0" encoding="UTF-8"?>
<testsuite name="ru.stqa.pft.rest.RestAssuredTests" tests="1" skipped="0" failures="0" errors="0" timestamp="2019-12-15T10:28:33" hostname="LAPTOP-1DCL0BJ6" time="4.626">
  <properties/>
  <testcase name="testCreateIssue" classname="ru.stqa.pft.rest.RestAssuredTests" time="4.626"/>
  <system-out><![CDATA[]]></system-out>
  <system-err><![CDATA[]]></system-err>
</testsuite>
