<?xml version="1.0" encoding="UTF-8"?>
<testsuite name="ru.stqa.pft.addressbook.tests.hbConnectionTest" tests="1" skipped="0" failures="0" errors="0" timestamp="2019-12-01T16:58:21" hostname="LAPTOP-1DCL0BJ6" time="0.46">
  <properties/>
  <testcase name="testHbConnection" classname="ru.stqa.pft.addressbook.tests.hbConnectionTest" time="0.46"/>
  <system-out><![CDATA[19:58:19.498 [Test worker] INFO  org.hibernate.Version - HHH000412: Hibernate Core {5.4.9.Final}
19:58:19.919 [Test worker] INFO  o.h.annotations.common.Version - HCANN000001: Hibernate Commons Annotations {5.1.0.Final}
19:58:20.077 [Test worker] WARN  o.hibernate.orm.connections.pooling - HHH10001002: Using Hibernate built-in connection pool (not for production use!)
19:58:20.085 [Test worker] INFO  o.hibernate.orm.connections.pooling - HHH10001005: using driver [com.mysql.jdbc.Driver] at URL [jdbc:mysql://localhost:3306/addressbook]
19:58:20.086 [Test worker] INFO  o.hibernate.orm.connections.pooling - HHH10001001: Connection properties: {user=root, password=}
19:58:20.086 [Test worker] INFO  o.hibernate.orm.connections.pooling - HHH10001003: Autocommit mode: false
19:58:20.089 [Test worker] INFO  o.h.e.j.c.i.DriverManagerConnectionProviderImpl - HHH000115: Hibernate connection pool size: 1 (min=1)
19:58:20.301 [Test worker] INFO  org.hibernate.dialect.Dialect - HHH000400: Using dialect: org.hibernate.dialect.MySQLDialect
19:58:21.202 [Test worker] INFO  org.hibernate.orm.connections.access - HHH10001501: Connection obtained from JdbcConnectionAccess [org.hibernate.engine.jdbc.env.internal.JdbcEnvironmentInitiator$ConnectionProviderJdbcConnectionAccess@1960a326] for (non-JTA) DDL execution was not in auto-commit mode; the Connection 'local transaction' will be committed and the Connection will be set into auto-commit mode.
19:58:21.245 [Test worker] INFO  o.h.e.t.j.p.i.JtaPlatformInitiator - HHH000490: Using JtaPlatform implementation: [org.hibernate.engine.transaction.jta.platform.internal.NoJtaPlatform]
Hibernate: select contactdat0_.id as id1_1_, contactdat0_.address as address2_1_, contactdat0_.ayear as ayear3_1_, contactdat0_.firstname as firstnam4_1_, contactdat0_.home as home5_1_, contactdat0_.lastname as lastname6_1_, contactdat0_.middlename as middlena7_1_, contactdat0_.mobile as mobile8_1_, contactdat0_.nickname as nickname9_1_, contactdat0_.photo as photo10_1_, contactdat0_.work as work11_1_ from addressbook contactdat0_ where deprecated='0000-00-00'
Hibernate: select groups0_.id as id1_0_0_, groups0_.group_id as group_id2_0_0_, groupdata1_.group_id as group_id1_2_1_, groupdata1_.group_footer as group_fo2_2_1_, groupdata1_.group_header as group_he3_2_1_, groupdata1_.group_name as group_na4_2_1_ from address_in_groups groups0_ inner join group_list groupdata1_ on groups0_.group_id=groupdata1_.group_id where groups0_.id=?
Hibernate: select groups0_.id as id1_0_0_, groups0_.group_id as group_id2_0_0_, groupdata1_.group_id as group_id1_2_1_, groupdata1_.group_footer as group_fo2_2_1_, groupdata1_.group_header as group_he3_2_1_, groupdata1_.group_name as group_na4_2_1_ from address_in_groups groups0_ inner join group_list groupdata1_ on groups0_.group_id=groupdata1_.group_id where groups0_.id=?
Hibernate: select groups0_.id as id1_0_0_, groups0_.group_id as group_id2_0_0_, groupdata1_.group_id as group_id1_2_1_, groupdata1_.group_footer as group_fo2_2_1_, groupdata1_.group_header as group_he3_2_1_, groupdata1_.group_name as group_na4_2_1_ from address_in_groups groups0_ inner join group_list groupdata1_ on groups0_.group_id=groupdata1_.group_id where groups0_.id=?
ContactData{id=150, firstname='Firstname 1', middlename='Middlename 1', lastname='Lastname 1', homephone='Homephone 1', mobilephone='Mobilephone 1', workphone='', email='null', email2='null', email3='null', photo='PHOTO;ENCODING=BASE64;TYPE=JPEG:/9j/4AAQSkZJRgABAQAAAQABAAD//gA7Q1JFQVRPUjogZ2QtanBlZyB2MS4wICh1c2luZyBJSkcgSlBFRyB2OTApLCBxdWFsaXR5ID0gNzUK/9sAQwAIBgYHBgUIBwcHCQkICgwUDQwLCwwZEhMPFB0aHx4dGhwcICQuJyAiLCMcHCg3KSwwMTQ0NB8nOT04MjwuMzQy/9sAQwEJCQkMCwwYDQ0YMiEcITIyMjIyMjIyMjIyMjIyMjIyMjIyMjIyMjIyMjIyMjIyMjIyMjIyMjIyMjIyMjIyMjIy/8AAEQgAVACWAwEiAAIRAQMRAf/EAB8AAAEFAQEBAQEBAAAAAAAAAAABAgMEBQYHCAkKC//EALUQAAIBAwMCBAMFBQQEAAABfQECAwAEEQUSITFBBhNRYQcicRQygZGhCCNCscEVUtHwJDNicoIJChYXGBkaJSYnKCkqNDU2Nzg5OkNERUZHSElKU1RVVldYWVpjZGVmZ2hpanN0dXZ3eHl6g4SFhoeIiYqSk5SVlpeYmZqio6Slpqeoqaqys7S1tre4ubrCw8TFxsfIycrS09TV1tfY2drh4uPk5ebn6Onq8fLz9PX29/j5+v/EAB8BAAMBAQEBAQEBAQEAAAAAAAABAgMEBQYHCAkKC//EALURAAIBAgQEAwQHBQQEAAECdwABAgMRBAUhMQYSQVEHYXETIjKBCBRCkaGxwQkjM1LwFWJy0QoWJDThJfEXGBkaJicoKSo1Njc4OTpDREVGR0hJSlNUVVZXWFlaY2RlZmdoaWpzdHV2d3h5eoKDhIWGh4iJipKTlJWWl5iZmqKjpKWmp6ipqrKztLW2t7i5usLDxMXGx8jJytLT1NXW19jZ2uLj5OXm5+jp6vLz9PX29/j5+v/aAAwDAQACEQMRAD8A9siS5cN5bhM/e3Rbc/mozUi6epBLlN7HLERLz+lMWDSo3DAw7l6Zlz/M1aFranBFvD7HYKAGfYx5ezzPl6bfLXGPpimDTogeNn/flP8ACpjaW4U7LeENjj5BVSG0uopVbbZDB6pHg0APnMaXDlgNoQcY/WqUer2ciB40lZGGVZYCQR6j5eauXDH7YU+X7gPXn8vSuTW6votOsEt725tRHbojotg0o3AcncRg/gaqMU3ZuxMm0rpXOkGsWgXP2d8f9cH/APiaeuq2zDItpCP+uD//ABNctJd6xwqa1cBj3OkkikSbX5DtTW5y3p/Yzf41p7KP86/H/Iz9rL+R/h/mdX/acH/PrJ/34f8A+Jo/tOD/AJ9ZP+/D/wDxNcv/AMVL/wBBe5/8Ex/xolXXEgWS41W5nTepaBNOkgYjP99c44odKKV+dfj/AJAqsm7cj/D/ADOnOqW4HNrL/wB+H/8AiasWlxHdpFPAQIpI96kDqDgiuHbUJJ4po4TemRkYRlZbjKnHBPJ/lXXaAhi0uwjdSrLaoCpGCDtXisTY0ty4z5w/Sk3p/wA91/SpcL6CjC+goAgCow4lHLc4bvTkiVo1Y5yRnhjS3EPn27xJM8LMMCSPG5fpkEU+L/Up/uigA8sbdvb60kX3D/vN/M0+mxfdP+838zQA+ikooAgENuD1P/fw/wCNL9mhYDh8D0dv8ajNhARjnrnt/hT1tlRQqyOAOgBoAGtowpKq5YDgb2/xqvA18h2m1iVCckiYsf1FTtBhGIlmJwSAGqvBcTB8NZ3OD3kZSB+RoAWYN9uJz8mwDGe/5f1qs6EIFQOQDjOGJ/MA1NOwGpEEj/VA4/H6/wBKgMbSQoVj3j12Bv5qaAJI0iyryGYkYyogbH54rRiZGjGwMFHADKV/Q1kG0fOPs+c9cxr6eyVZisGQZaC3kJ/vqBj8loA0qr3v/HueQOe9NjiliJ8u3tkB/ukj+lU9Sku2nhgSSOLMbu3y7skFQOuPU0AVIZt8jL9pgfH8KJgj61KDd/2paiDf5Zs5s8fJvzHsyf8Avr9arIuoM7BplUDo3lLz+tWtBe4LSxXEiyNEAAyrt4Kqf604uwpK6LEcurASF7eMkDKrkc89Ovv+lKk+qgYa0jY9MlgPx6n/AD69a0sfWuc1vxBc2l9NY2UUZlitjM0kucbjnaox7AsfYVrBOo7RSMKso0o80pM1Ym1A3MZlRViIBYDHB28jrnr0/GrcR/cp/uisrQNUudQhkivkhS8hx5ghYlcEsB16HKn17HPNa0X+pT/dFRUTjKzNKUlOPNHqOyKZF90/7zfzNSUyL7p/3m/mag0HUUtFAFb7WvoPzqN9SRGx5bnnGV5qpHFNvHmRxFe4WIA/+hGr1pGnlH90q/MeCBTaFcpXl1DLtL/akx/zxJ/XFQNJDEynfft34bI/Gtvy0/uL+VHlp/cX8qQzKEyXM5IBAMYGx/vHnrirmmjFknGP/wBVRTgi6ZQCFx747e2P1qTTBixj5zx/Qew/kKALlFFFABWXq0EhKXUcyR7FZGDxF8gkHsR6VqVDcf6sfWgDmo/N35S6g3Oe9o//AMXWjoETpGZZJlkaYbsqmwAAKOmT6VbIGDxTdLQJDEq8AR/4UAaOfesTV9C/tC/hu4pnhkjxuwQVkxnbuHfGT+BIrcqCeBpXR0meNlBAAJ2nOOo79P51cJuDuiKlONSPLJXM3RNIOjxOpd7ieZgZbiRhlsDAAHYAdq1ov9Sn+6KSJJEUh5A57HGKWL/Up/uilOTlK7CnCMIqMVoPpkX3T/vN/M06mxfdP+838zUlj6KKKAMVHskYMLh8j1mc/oTWlbsPKLDJBbjAzWWJGz/x7/nI3+FWfkeIxCMsobd1x/MVTEjRVtwyMj6jFLWfBbR7yfs6k+jbf8KuDeowsSgDsG/+tUjKUpJusPGivt5KuTnp7AUWzNHAqocCp5YpWk3hWPtvyB+FVzZEnPkv+D//AF6AJ/Ok/vUedJ/eqD7Ef+eL/wDff/16PsR/54v/AN9//XoAfNeSRAd8+vFV11B5gAyHBJ4zz/KpfsR/54v/AN9//XqFtMkZwwMyjn5Q4wf1p6CswW73sV8mRfcjipdOcRxQhxgmPp19KryaTK5BEk6jHIDDB/M1ft4pYSB5fyhccsKQyfz4/wC9+ho+0R/3v0NJKryxPGVKh1K5SQgjPoR0NNETgY+f8ZSaegtSdTuUMOhqKLzfJThPujuaAjht2GPsZOP5VKi7Y1U9QAKQyN1nZSFdUODyOf5inopVcE5OST+dOooAKKKKAMJNWtN4L6rp5XuFcA/nuqQ6vppGBqdqPcTJ/jXEp8E9IikEkWq3wO3b8wQ8fkKmj+DelRQWsaandg20vnIxjjOW46/LyOBxVNrWxKv1O0t9X0xWOdUtDx1M6f41Y/tnS/8AoJWf/f8AX/GuDm+Del3El7JLql2XuzukKxRAA5zx8vHPpUU3wT0acx79W1EbIxGNnlqcDpyFpLVXY3dOy2O3fU7I3JcavZ+UVwE85eD65zTVvoW5/teyIH92Rf8A4quNHwX0hbWG3Gp3uyKUyqdkRJJx1O3kcDg8dasR/CLSkE//ABMbwmY5YhI1x9AFAFPTuF2dQmo2wbLazYsPQSqP/Zqm/tSw/wCgnZ/+BC/4157/AMKJ0b/oL3//AHyn+FH/AAonRv8AoL3/AP3yn+FIZ6D/AGpYf9BOz/8AAhf8aX+1LD/oJ2f/AIEL/jXnv/CidG/6C9//AN8p/hR/wonRv+gvf/8AfKf4UAeg/wBqWH/QTs//AAIX/Gj+1NP/AOgnZ/8AgQv+Neff8KI0b/oL3/8A3yn+FH/Ch9G/6C9//wB8p/hQB6D/AGpp/wD0E7P/AMCF/wAaP7U0/wD6Cdn/AOBC/wCNeff8KH0b/oL3/wD3yn+FH/Ch9G/6C9//AN8p/hQB6D/amn/9BOz/APAhf8azry687V7G4t/ENlFaxY86L7QPm5546HIwOenUVyC/ArR1BA1a95GOY4z/ADFKfgXpBznVrzkY/wBVH/8AE1UJ8rujOpBTVn/Vj0f+2tK/6Cdn/wB/1/xqxb3drdqzW1xFMqnBMbhsflXmT/A7R3hWP+1b0BeVOAcfgeK63wZ4KtPBdrdwWt1NcC5kEjGUAEEDHGKk0OmooopALRRRQAUUUUAFFFFABRRRQAUUUUAFFFFABRRRQAUUUUAFFFFABRRRQB//2Q=='}
[GroupData{id='173', name='name2', header='Header2', footer='footer2}, GroupData{id='179', name='test 2', header='header 2', footer='footer 2}]
ContactData{id=153, firstname='Firstname 0', middlename='Middlename 0', lastname='Lastname 0', homephone='Homephone 0', mobilephone='Mobilephone 0', workphone='', email='null', email2='null', email3='null', photo='PHOTO;ENCODING=BASE64;TYPE=JPEG:/9j/4AAQSkZJRgABAQAAAQABAAD//gA7Q1JFQVRPUjogZ2QtanBlZyB2MS4wICh1c2luZyBJSkcgSlBFRyB2OTApLCBxdWFsaXR5ID0gNzUK/9sAQwAIBgYHBgUIBwcHCQkICgwUDQwLCwwZEhMPFB0aHx4dGhwcICQuJyAiLCMcHCg3KSwwMTQ0NB8nOT04MjwuMzQy/9sAQwEJCQkMCwwYDQ0YMiEcITIyMjIyMjIyMjIyMjIyMjIyMjIyMjIyMjIyMjIyMjIyMjIyMjIyMjIyMjIyMjIyMjIy/8AAEQgAVACWAwEiAAIRAQMRAf/EAB8AAAEFAQEBAQEBAAAAAAAAAAABAgMEBQYHCAkKC//EALUQAAIBAwMCBAMFBQQEAAABfQECAwAEEQUSITFBBhNRYQcicRQygZGhCCNCscEVUtHwJDNicoIJChYXGBkaJSYnKCkqNDU2Nzg5OkNERUZHSElKU1RVVldYWVpjZGVmZ2hpanN0dXZ3eHl6g4SFhoeIiYqSk5SVlpeYmZqio6Slpqeoqaqys7S1tre4ubrCw8TFxsfIycrS09TV1tfY2drh4uPk5ebn6Onq8fLz9PX29/j5+v/EAB8BAAMBAQEBAQEBAQEAAAAAAAABAgMEBQYHCAkKC//EALURAAIBAgQEAwQHBQQEAAECdwABAgMRBAUhMQYSQVEHYXETIjKBCBRCkaGxwQkjM1LwFWJy0QoWJDThJfEXGBkaJicoKSo1Njc4OTpDREVGR0hJSlNUVVZXWFlaY2RlZmdoaWpzdHV2d3h5eoKDhIWGh4iJipKTlJWWl5iZmqKjpKWmp6ipqrKztLW2t7i5usLDxMXGx8jJytLT1NXW19jZ2uLj5OXm5+jp6vLz9PX29/j5+v/aAAwDAQACEQMRAD8A9siS5cN5bhM/e3Rbc/mozUi6epBLlN7HLERLz+lMWDSo3DAw7l6Zlz/M1aFranBFvD7HYKAGfYx5ezzPl6bfLXGPpimDTogeNn/flP8ACpjaW4U7LeENjj5BVSG0uopVbbZDB6pHg0APnMaXDlgNoQcY/WqUer2ciB40lZGGVZYCQR6j5eauXDH7YU+X7gPXn8vSuTW6votOsEt725tRHbojotg0o3AcncRg/gaqMU3ZuxMm0rpXOkGsWgXP2d8f9cH/APiaeuq2zDItpCP+uD//ABNctJd6xwqa1cBj3OkkikSbX5DtTW5y3p/Yzf41p7KP86/H/Iz9rL+R/h/mdX/acH/PrJ/34f8A+Jo/tOD/AJ9ZP+/D/wDxNcv/AMVL/wBBe5/8Ex/xolXXEgWS41W5nTepaBNOkgYjP99c44odKKV+dfj/AJAqsm7cj/D/ADOnOqW4HNrL/wB+H/8AiasWlxHdpFPAQIpI96kDqDgiuHbUJJ4po4TemRkYRlZbjKnHBPJ/lXXaAhi0uwjdSrLaoCpGCDtXisTY0ty4z5w/Sk3p/wA91/SpcL6CjC+goAgCow4lHLc4bvTkiVo1Y5yRnhjS3EPn27xJM8LMMCSPG5fpkEU+L/Up/uigA8sbdvb60kX3D/vN/M0+mxfdP+838zQA+ikooAgENuD1P/fw/wCNL9mhYDh8D0dv8ajNhARjnrnt/hT1tlRQqyOAOgBoAGtowpKq5YDgb2/xqvA18h2m1iVCckiYsf1FTtBhGIlmJwSAGqvBcTB8NZ3OD3kZSB+RoAWYN9uJz8mwDGe/5f1qs6EIFQOQDjOGJ/MA1NOwGpEEj/VA4/H6/wBKgMbSQoVj3j12Bv5qaAJI0iyryGYkYyogbH54rRiZGjGwMFHADKV/Q1kG0fOPs+c9cxr6eyVZisGQZaC3kJ/vqBj8loA0qr3v/HueQOe9NjiliJ8u3tkB/ukj+lU9Sku2nhgSSOLMbu3y7skFQOuPU0AVIZt8jL9pgfH8KJgj61KDd/2paiDf5Zs5s8fJvzHsyf8Avr9arIuoM7BplUDo3lLz+tWtBe4LSxXEiyNEAAyrt4Kqf604uwpK6LEcurASF7eMkDKrkc89Ovv+lKk+qgYa0jY9MlgPx6n/AD69a0sfWuc1vxBc2l9NY2UUZlitjM0kucbjnaox7AsfYVrBOo7RSMKso0o80pM1Ym1A3MZlRViIBYDHB28jrnr0/GrcR/cp/uisrQNUudQhkivkhS8hx5ghYlcEsB16HKn17HPNa0X+pT/dFRUTjKzNKUlOPNHqOyKZF90/7zfzNSUyL7p/3m/mag0HUUtFAFb7WvoPzqN9SRGx5bnnGV5qpHFNvHmRxFe4WIA/+hGr1pGnlH90q/MeCBTaFcpXl1DLtL/akx/zxJ/XFQNJDEynfft34bI/Gtvy0/uL+VHlp/cX8qQzKEyXM5IBAMYGx/vHnrirmmjFknGP/wBVRTgi6ZQCFx747e2P1qTTBixj5zx/Qew/kKALlFFFABWXq0EhKXUcyR7FZGDxF8gkHsR6VqVDcf6sfWgDmo/N35S6g3Oe9o//AMXWjoETpGZZJlkaYbsqmwAAKOmT6VbIGDxTdLQJDEq8AR/4UAaOfesTV9C/tC/hu4pnhkjxuwQVkxnbuHfGT+BIrcqCeBpXR0meNlBAAJ2nOOo79P51cJuDuiKlONSPLJXM3RNIOjxOpd7ieZgZbiRhlsDAAHYAdq1ov9Sn+6KSJJEUh5A57HGKWL/Up/uilOTlK7CnCMIqMVoPpkX3T/vN/M06mxfdP+838zUlj6KKKAMVHskYMLh8j1mc/oTWlbsPKLDJBbjAzWWJGz/x7/nI3+FWfkeIxCMsobd1x/MVTEjRVtwyMj6jFLWfBbR7yfs6k+jbf8KuDeowsSgDsG/+tUjKUpJusPGivt5KuTnp7AUWzNHAqocCp5YpWk3hWPtvyB+FVzZEnPkv+D//AF6AJ/Ok/vUedJ/eqD7Ef+eL/wDff/16PsR/54v/AN9//XoAfNeSRAd8+vFV11B5gAyHBJ4zz/KpfsR/54v/AN9//XqFtMkZwwMyjn5Q4wf1p6CswW73sV8mRfcjipdOcRxQhxgmPp19KryaTK5BEk6jHIDDB/M1ft4pYSB5fyhccsKQyfz4/wC9+ho+0R/3v0NJKryxPGVKh1K5SQgjPoR0NNETgY+f8ZSaegtSdTuUMOhqKLzfJThPujuaAjht2GPsZOP5VKi7Y1U9QAKQyN1nZSFdUODyOf5inopVcE5OST+dOooAKKKKAMJNWtN4L6rp5XuFcA/nuqQ6vppGBqdqPcTJ/jXEp8E9IikEkWq3wO3b8wQ8fkKmj+DelRQWsaandg20vnIxjjOW46/LyOBxVNrWxKv1O0t9X0xWOdUtDx1M6f41Y/tnS/8AoJWf/f8AX/GuDm+Del3El7JLql2XuzukKxRAA5zx8vHPpUU3wT0acx79W1EbIxGNnlqcDpyFpLVXY3dOy2O3fU7I3JcavZ+UVwE85eD65zTVvoW5/teyIH92Rf8A4quNHwX0hbWG3Gp3uyKUyqdkRJJx1O3kcDg8dasR/CLSkE//ABMbwmY5YhI1x9AFAFPTuF2dQmo2wbLazYsPQSqP/Zqm/tSw/wCgnZ/+BC/4157/AMKJ0b/oL3//AHyn+FH/AAonRv8AoL3/AP3yn+FIZ6D/AGpYf9BOz/8AAhf8aX+1LD/oJ2f/AIEL/jXnv/CidG/6C9//AN8p/hR/wonRv+gvf/8AfKf4UAeg/wBqWH/QTs//AAIX/Gj+1NP/AOgnZ/8AgQv+Neff8KI0b/oL3/8A3yn+FH/Ch9G/6C9//wB8p/hQB6D/AGpp/wD0E7P/AMCF/wAaP7U0/wD6Cdn/AOBC/wCNeff8KH0b/oL3/wD3yn+FH/Ch9G/6C9//AN8p/hQB6D/amn/9BOz/APAhf8azry687V7G4t/ENlFaxY86L7QPm5546HIwOenUVyC/ArR1BA1a95GOY4z/ADFKfgXpBznVrzkY/wBVH/8AE1UJ8rujOpBTVn/Vj0f+2tK/6Cdn/wB/1/xqxb3drdqzW1xFMqnBMbhsflXmT/A7R3hWP+1b0BeVOAcfgeK63wZ4KtPBdrdwWt1NcC5kEjGUAEEDHGKk0OmooopALRRRQAUUUUAFFFFABRRRQAUUUUAFFFFABRRRQAUUUUAFFFFABRRRQB//2Q=='}
[GroupData{id='173', name='name2', header='Header2', footer='footer2}]
ContactData{id=154, firstname='Firstname 1', middlename='Middlename 1', lastname='Lastname 1', homephone='Homephone 1', mobilephone='Mobilephone 1', workphone='', email='null', email2='null', email3='null', photo='PHOTO;ENCODING=BASE64;TYPE=JPEG:/9j/4AAQSkZJRgABAQAAAQABAAD//gA7Q1JFQVRPUjogZ2QtanBlZyB2MS4wICh1c2luZyBJSkcgSlBFRyB2OTApLCBxdWFsaXR5ID0gNzUK/9sAQwAIBgYHBgUIBwcHCQkICgwUDQwLCwwZEhMPFB0aHx4dGhwcICQuJyAiLCMcHCg3KSwwMTQ0NB8nOT04MjwuMzQy/9sAQwEJCQkMCwwYDQ0YMiEcITIyMjIyMjIyMjIyMjIyMjIyMjIyMjIyMjIyMjIyMjIyMjIyMjIyMjIyMjIyMjIyMjIy/8AAEQgAVACWAwEiAAIRAQMRAf/EAB8AAAEFAQEBAQEBAAAAAAAAAAABAgMEBQYHCAkKC//EALUQAAIBAwMCBAMFBQQEAAABfQECAwAEEQUSITFBBhNRYQcicRQygZGhCCNCscEVUtHwJDNicoIJChYXGBkaJSYnKCkqNDU2Nzg5OkNERUZHSElKU1RVVldYWVpjZGVmZ2hpanN0dXZ3eHl6g4SFhoeIiYqSk5SVlpeYmZqio6Slpqeoqaqys7S1tre4ubrCw8TFxsfIycrS09TV1tfY2drh4uPk5ebn6Onq8fLz9PX29/j5+v/EAB8BAAMBAQEBAQEBAQEAAAAAAAABAgMEBQYHCAkKC//EALURAAIBAgQEAwQHBQQEAAECdwABAgMRBAUhMQYSQVEHYXETIjKBCBRCkaGxwQkjM1LwFWJy0QoWJDThJfEXGBkaJicoKSo1Njc4OTpDREVGR0hJSlNUVVZXWFlaY2RlZmdoaWpzdHV2d3h5eoKDhIWGh4iJipKTlJWWl5iZmqKjpKWmp6ipqrKztLW2t7i5usLDxMXGx8jJytLT1NXW19jZ2uLj5OXm5+jp6vLz9PX29/j5+v/aAAwDAQACEQMRAD8A9siS5cN5bhM/e3Rbc/mozUi6epBLlN7HLERLz+lMWDSo3DAw7l6Zlz/M1aFranBFvD7HYKAGfYx5ezzPl6bfLXGPpimDTogeNn/flP8ACpjaW4U7LeENjj5BVSG0uopVbbZDB6pHg0APnMaXDlgNoQcY/WqUer2ciB40lZGGVZYCQR6j5eauXDH7YU+X7gPXn8vSuTW6votOsEt725tRHbojotg0o3AcncRg/gaqMU3ZuxMm0rpXOkGsWgXP2d8f9cH/APiaeuq2zDItpCP+uD//ABNctJd6xwqa1cBj3OkkikSbX5DtTW5y3p/Yzf41p7KP86/H/Iz9rL+R/h/mdX/acH/PrJ/34f8A+Jo/tOD/AJ9ZP+/D/wDxNcv/AMVL/wBBe5/8Ex/xolXXEgWS41W5nTepaBNOkgYjP99c44odKKV+dfj/AJAqsm7cj/D/ADOnOqW4HNrL/wB+H/8AiasWlxHdpFPAQIpI96kDqDgiuHbUJJ4po4TemRkYRlZbjKnHBPJ/lXXaAhi0uwjdSrLaoCpGCDtXisTY0ty4z5w/Sk3p/wA91/SpcL6CjC+goAgCow4lHLc4bvTkiVo1Y5yRnhjS3EPn27xJM8LMMCSPG5fpkEU+L/Up/uigA8sbdvb60kX3D/vN/M0+mxfdP+838zQA+ikooAgENuD1P/fw/wCNL9mhYDh8D0dv8ajNhARjnrnt/hT1tlRQqyOAOgBoAGtowpKq5YDgb2/xqvA18h2m1iVCckiYsf1FTtBhGIlmJwSAGqvBcTB8NZ3OD3kZSB+RoAWYN9uJz8mwDGe/5f1qs6EIFQOQDjOGJ/MA1NOwGpEEj/VA4/H6/wBKgMbSQoVj3j12Bv5qaAJI0iyryGYkYyogbH54rRiZGjGwMFHADKV/Q1kG0fOPs+c9cxr6eyVZisGQZaC3kJ/vqBj8loA0qr3v/HueQOe9NjiliJ8u3tkB/ukj+lU9Sku2nhgSSOLMbu3y7skFQOuPU0AVIZt8jL9pgfH8KJgj61KDd/2paiDf5Zs5s8fJvzHsyf8Avr9arIuoM7BplUDo3lLz+tWtBe4LSxXEiyNEAAyrt4Kqf604uwpK6LEcurASF7eMkDKrkc89Ovv+lKk+qgYa0jY9MlgPx6n/AD69a0sfWuc1vxBc2l9NY2UUZlitjM0kucbjnaox7AsfYVrBOo7RSMKso0o80pM1Ym1A3MZlRViIBYDHB28jrnr0/GrcR/cp/uisrQNUudQhkivkhS8hx5ghYlcEsB16HKn17HPNa0X+pT/dFRUTjKzNKUlOPNHqOyKZF90/7zfzNSUyL7p/3m/mag0HUUtFAFb7WvoPzqN9SRGx5bnnGV5qpHFNvHmRxFe4WIA/+hGr1pGnlH90q/MeCBTaFcpXl1DLtL/akx/zxJ/XFQNJDEynfft34bI/Gtvy0/uL+VHlp/cX8qQzKEyXM5IBAMYGx/vHnrirmmjFknGP/wBVRTgi6ZQCFx747e2P1qTTBixj5zx/Qew/kKALlFFFABWXq0EhKXUcyR7FZGDxF8gkHsR6VqVDcf6sfWgDmo/N35S6g3Oe9o//AMXWjoETpGZZJlkaYbsqmwAAKOmT6VbIGDxTdLQJDEq8AR/4UAaOfesTV9C/tC/hu4pnhkjxuwQVkxnbuHfGT+BIrcqCeBpXR0meNlBAAJ2nOOo79P51cJuDuiKlONSPLJXM3RNIOjxOpd7ieZgZbiRhlsDAAHYAdq1ov9Sn+6KSJJEUh5A57HGKWL/Up/uilOTlK7CnCMIqMVoPpkX3T/vN/M06mxfdP+838zUlj6KKKAMVHskYMLh8j1mc/oTWlbsPKLDJBbjAzWWJGz/x7/nI3+FWfkeIxCMsobd1x/MVTEjRVtwyMj6jFLWfBbR7yfs6k+jbf8KuDeowsSgDsG/+tUjKUpJusPGivt5KuTnp7AUWzNHAqocCp5YpWk3hWPtvyB+FVzZEnPkv+D//AF6AJ/Ok/vUedJ/eqD7Ef+eL/wDff/16PsR/54v/AN9//XoAfNeSRAd8+vFV11B5gAyHBJ4zz/KpfsR/54v/AN9//XqFtMkZwwMyjn5Q4wf1p6CswW73sV8mRfcjipdOcRxQhxgmPp19KryaTK5BEk6jHIDDB/M1ft4pYSB5fyhccsKQyfz4/wC9+ho+0R/3v0NJKryxPGVKh1K5SQgjPoR0NNETgY+f8ZSaegtSdTuUMOhqKLzfJThPujuaAjht2GPsZOP5VKi7Y1U9QAKQyN1nZSFdUODyOf5inopVcE5OST+dOooAKKKKAMJNWtN4L6rp5XuFcA/nuqQ6vppGBqdqPcTJ/jXEp8E9IikEkWq3wO3b8wQ8fkKmj+DelRQWsaandg20vnIxjjOW46/LyOBxVNrWxKv1O0t9X0xWOdUtDx1M6f41Y/tnS/8AoJWf/f8AX/GuDm+Del3El7JLql2XuzukKxRAA5zx8vHPpUU3wT0acx79W1EbIxGNnlqcDpyFpLVXY3dOy2O3fU7I3JcavZ+UVwE85eD65zTVvoW5/teyIH92Rf8A4quNHwX0hbWG3Gp3uyKUyqdkRJJx1O3kcDg8dasR/CLSkE//ABMbwmY5YhI1x9AFAFPTuF2dQmo2wbLazYsPQSqP/Zqm/tSw/wCgnZ/+BC/4157/AMKJ0b/oL3//AHyn+FH/AAonRv8AoL3/AP3yn+FIZ6D/AGpYf9BOz/8AAhf8aX+1LD/oJ2f/AIEL/jXnv/CidG/6C9//AN8p/hR/wonRv+gvf/8AfKf4UAeg/wBqWH/QTs//AAIX/Gj+1NP/AOgnZ/8AgQv+Neff8KI0b/oL3/8A3yn+FH/Ch9G/6C9//wB8p/hQB6D/AGpp/wD0E7P/AMCF/wAaP7U0/wD6Cdn/AOBC/wCNeff8KH0b/oL3/wD3yn+FH/Ch9G/6C9//AN8p/hQB6D/amn/9BOz/APAhf8azry687V7G4t/ENlFaxY86L7QPm5546HIwOenUVyC/ArR1BA1a95GOY4z/ADFKfgXpBznVrzkY/wBVH/8AE1UJ8rujOpBTVn/Vj0f+2tK/6Cdn/wB/1/xqxb3drdqzW1xFMqnBMbhsflXmT/A7R3hWP+1b0BeVOAcfgeK63wZ4KtPBdrdwWt1NcC5kEjGUAEEDHGKk0OmooopALRRRQAUUUUAFFFFABRRRQAUUUUAFFFFABRRRQAUUUUAFFFFABRRRQB//2Q=='}
[GroupData{id='173', name='name2', header='Header2', footer='footer2}]
]]></system-out>
  <system-err><![CDATA[]]></system-err>
</testsuite>
