<?xml version="1.0" encoding="UTF-8"?>
<testsuite name="ru.stqa.pft.addressbook.tests.grouptests.GroupCreationTests" tests="1" skipped="0" failures="0" errors="0" timestamp="2019-11-17T15:55:34" hostname="LAPTOP-1DCL0BJ6" time="1.94">
  <properties/>
  <testcase name="testCreateNewGroup" classname="ru.stqa.pft.addressbook.tests.grouptests.GroupCreationTests" time="1.94"/>
  <system-out><![CDATA[]]></system-out>
  <system-err><![CDATA[]]></system-err>
</testsuite>
