<?xml version="1.0" encoding="UTF-8"?>
<testsuite name="ru.stqa.pft.addressbook.tests.grouptests.GroupCreationTests" tests="3" skipped="0" failures="0" errors="0" timestamp="2019-11-24T12:58:19" hostname="LAPTOP-1DCL0BJ6" time="9.301">
  <properties/>
  <testcase name="testCreateNewGroup[0](GroupData{id='2147483647', name='test 0', header='header 0', footer='footer 0})" classname="ru.stqa.pft.addressbook.tests.grouptests.GroupCreationTests" time="4.451"/>
  <testcase name="testCreateNewGroup[1](GroupData{id='2147483647', name='test 1', header='header 1', footer='footer 1})" classname="ru.stqa.pft.addressbook.tests.grouptests.GroupCreationTests" time="2.4"/>
  <testcase name="testCreateNewGroup[2](GroupData{id='2147483647', name='test 2', header='header 2', footer='footer 2})" classname="ru.stqa.pft.addressbook.tests.grouptests.GroupCreationTests" time="2.448"/>
  <system-out><![CDATA[]]></system-out>
  <system-err><![CDATA[]]></system-err>
</testsuite>
