<?xml version="1.0" encoding="UTF-8"?>
<testsuite name="ru.stqa.pft.addressbook.tests.ContactDeletionTests" tests="1" skipped="0" failures="0" errors="0" timestamp="2019-10-26T17:04:00" hostname="LAPTOP-1DCL0BJ6" time="0.364">
  <properties/>
  <testcase name="testDeleteSelectedContact" classname="ru.stqa.pft.addressbook.tests.ContactDeletionTests" time="0.364"/>
  <system-out><![CDATA[]]></system-out>
  <system-err><![CDATA[1572109437106	mozrunner::runner	INFO	Running command: "C:\\Program Files\\Mozilla Firefox\\firefox.exe" "-marionette" "-foreground" "-no-remote" "-profile" "C:\\Users\\user\\AppData\\Local\\Temp\\rust_mozprofileRj3Ik8"
1572109437477	addons.webextension.screenshots@mozilla.org	WARN	Loading extension 'screenshots@mozilla.org': Reading manifest: Invalid extension permission: mozillaAddons
1572109437478	addons.webextension.screenshots@mozilla.org	WARN	Loading extension 'screenshots@mozilla.org': Reading manifest: Invalid extension permission: telemetry
1572109437478	addons.webextension.screenshots@mozilla.org	WARN	Loading extension 'screenshots@mozilla.org': Reading manifest: Invalid extension permission: resource://pdf.js/
1572109437478	addons.webextension.screenshots@mozilla.org	WARN	Loading extension 'screenshots@mozilla.org': Reading manifest: Invalid extension permission: about:reader*
JavaScript error: resource://gre/modules/XULStore.jsm, line 66: Error: Can't find profile directory.
1572109439139	Marionette	INFO	Listening on port 64493
1572109439226	Marionette	WARN	TLS certificate errors will be ignored for this session
окт 26, 2019 8:03:59 PM org.openqa.selenium.remote.ProtocolHandshake createSession
INFO: Detected dialect: W3C
1572109440565	Marionette	INFO	Stopped listening on port 64493
[Child 20248, Chrome_ChildThread] WARNING: pipe error: 109: file z:/task_1571244707/build/src/ipc/chromium/src/chrome/common/ipc_channel_win.cc, line 341
[Child 20248, Chrome_ChildThread] WARNING: pipe error: 109: [Child 19700, Chrome_ChildThread] WARNING: pipe error: 109: file z:/task_1571244707/build/src/ipc/chromium/src/chrome/common/ipc_channel_win.cc, line 341
[Child 19700, Chrome_ChildThread] WARNING: pipe error: 109: file z:/task_1571244707/build/src/[Parent 8736, Gecko_IOThread] WARNING: pipe error: 109: file z:/task_1571244707/build/src/ipc/chromium/src/chrome/common/ipc_channel_win.cc, line 341
[Child 19548, Chrome_ChildThread] WARNING: pipe error: 109: file z:/task_1571244707/build/src/ipc/chromium/src/chrome/common/ipc_channel_win.cc, line 341
[Child 19548, Chrome_ChildThread] WAR[G
###!!! [Child][RunMessage] Error: Channel closing: too late to send/recv, messages will be lost

]]></system-err>
</testsuite>
