<?xml version="1.0" encoding="UTF-8"?>
<testsuite name="ru.stqa.pft.addressbook.tests.grouptests.GroupDeletionTests" tests="1" skipped="0" failures="0" errors="0" timestamp="2019-11-10T09:59:04" hostname="LAPTOP-1DCL0BJ6" time="10.503">
  <properties/>
  <testcase name="testDeleteSelectedGroup" classname="ru.stqa.pft.addressbook.tests.grouptests.GroupDeletionTests" time="10.503"/>
  <system-out><![CDATA[]]></system-out>
  <system-err><![CDATA[Starting ChromeDriver 77.0.3865.40 (f484704e052e0b556f8030b65b953dce96503217-refs/branch-heads/3865@{#442}) on port 13998
Only local connections are allowed.
Please protect ports used by ChromeDriver and related test frameworks to prevent access by malicious code.
[1573379943.086][WARNING]: This version of ChromeDriver has not been tested with Chrome version 78.
ноя 10, 2019 12:59:04 PM org.openqa.selenium.remote.ProtocolHandshake createSession
INFO: Detected dialect: W3C
]]></system-err>
</testsuite>
