<?xml version="1.0" encoding="UTF-8"?>
<testsuite name="ru.stqa.pft.addressbook.tests.contacttests.ContactModificationTests" tests="1" skipped="0" failures="0" errors="0" timestamp="2019-11-17T08:01:56" hostname="LAPTOP-1DCL0BJ6" time="12.089">
  <properties/>
  <testcase name="testContactModification" classname="ru.stqa.pft.addressbook.tests.contacttests.ContactModificationTests" time="12.089"/>
  <system-out><![CDATA[]]></system-out>
  <system-err><![CDATA[Starting ChromeDriver 77.0.3865.40 (f484704e052e0b556f8030b65b953dce96503217-refs/branch-heads/3865@{#442}) on port 42525
Only local connections are allowed.
Please protect ports used by ChromeDriver and related test frameworks to prevent access by malicious code.
[1573977714.779][WARNING]: This version of ChromeDriver has not been tested with Chrome version 78.
ноя 17, 2019 11:01:55 AM org.openqa.selenium.remote.ProtocolHandshake createSession
INFO: Detected dialect: W3C
]]></system-err>
</testsuite>
