<?xml version="1.0" encoding="UTF-8"?>
<testsuite name="ru.stqa.pft.addressbook.tests.grouptests.GroupDeletionTests" tests="1" skipped="0" failures="0" errors="0" timestamp="2019-11-24T13:57:28" hostname="LAPTOP-1DCL0BJ6" time="2.117">
  <properties/>
  <testcase name="testDeleteSelectedGroup" classname="ru.stqa.pft.addressbook.tests.grouptests.GroupDeletionTests" time="2.117"/>
  <system-out><![CDATA[]]></system-out>
  <system-err><![CDATA[]]></system-err>
</testsuite>
