<?xml version="1.0" encoding="UTF-8"?>
<testsuite name="ru.stqa.pft.addressbook.tests.contacttests.ContactModificationTests" tests="1" skipped="0" failures="0" errors="0" timestamp="2019-10-27T08:48:29" hostname="LAPTOP-1DCL0BJ6" time="40.123">
  <properties/>
  <testcase name="testContactModification" classname="ru.stqa.pft.addressbook.tests.contacttests.ContactModificationTests" time="40.123"/>
  <system-out><![CDATA[]]></system-out>
  <system-err><![CDATA[Starting ChromeDriver 77.0.3865.40 (f484704e052e0b556f8030b65b953dce96503217-refs/branch-heads/3865@{#442}) on port 43288
Only local connections are allowed.
Please protect ports used by ChromeDriver and related test frameworks to prevent access by malicious code.
окт 27, 2019 11:48:28 AM org.openqa.selenium.remote.ProtocolHandshake createSession
INFO: Detected dialect: W3C
]]></system-err>
</testsuite>
