<?xml version="1.0" encoding="UTF-8"?>
<testsuite name="ru.stqa.pft.addressbook.tests.contacttests.ContactPhoneTests" tests="1" skipped="0" failures="0" errors="0" timestamp="2019-11-17T18:01:47" hostname="LAPTOP-1DCL0BJ6" time="0.562">
  <properties/>
  <testcase name="testContactPhones" classname="ru.stqa.pft.addressbook.tests.contacttests.ContactPhoneTests" time="0.562"/>
  <system-out><![CDATA[]]></system-out>
  <system-err><![CDATA[]]></system-err>
</testsuite>
