<?xml version="1.0" encoding="UTF-8"?>
<testsuite name="ru.stqa.pft.addressbook.tests.hbConnectionTest" tests="1" skipped="0" failures="0" errors="0" timestamp="2019-12-04T11:40:00" hostname="LAPTOP-1DCL0BJ6" time="0.273">
  <properties/>
  <testcase name="testHbConnection" classname="ru.stqa.pft.addressbook.tests.hbConnectionTest" time="0.273"/>
  <system-out><![CDATA[14:39:59.137 [Test worker] INFO  org.hibernate.Version - HHH000412: Hibernate Core {5.4.9.Final}
14:39:59.464 [Test worker] INFO  o.h.annotations.common.Version - HCANN000001: Hibernate Commons Annotations {5.1.0.Final}
14:39:59.595 [Test worker] WARN  o.hibernate.orm.connections.pooling - HHH10001002: Using Hibernate built-in connection pool (not for production use!)
14:39:59.602 [Test worker] INFO  o.hibernate.orm.connections.pooling - HHH10001005: using driver [com.mysql.jdbc.Driver] at URL [jdbc:mysql://localhost:3306/addressbook]
14:39:59.602 [Test worker] INFO  o.hibernate.orm.connections.pooling - HHH10001001: Connection properties: {user=root, password=}
14:39:59.602 [Test worker] INFO  o.hibernate.orm.connections.pooling - HHH10001003: Autocommit mode: false
14:39:59.605 [Test worker] INFO  o.h.e.j.c.i.DriverManagerConnectionProviderImpl - HHH000115: Hibernate connection pool size: 1 (min=1)
14:39:59.789 [Test worker] INFO  org.hibernate.dialect.Dialect - HHH000400: Using dialect: org.hibernate.dialect.MySQLDialect
14:40:00.530 [Test worker] INFO  org.hibernate.orm.connections.access - HHH10001501: Connection obtained from JdbcConnectionAccess [org.hibernate.engine.jdbc.env.internal.JdbcEnvironmentInitiator$ConnectionProviderJdbcConnectionAccess@c3e91fd] for (non-JTA) DDL execution was not in auto-commit mode; the Connection 'local transaction' will be committed and the Connection will be set into auto-commit mode.
14:40:00.570 [Test worker] INFO  o.h.e.t.j.p.i.JtaPlatformInitiator - HHH000490: Using JtaPlatform implementation: [org.hibernate.engine.transaction.jta.platform.internal.NoJtaPlatform]
Hibernate: select contactdat0_.id as id1_1_, contactdat0_.email as email2_1_, contactdat0_.firstname as firstnam3_1_, contactdat0_.home as home4_1_, contactdat0_.lastname as lastname5_1_, contactdat0_.middlename as middlena6_1_, contactdat0_.mobile as mobile7_1_, contactdat0_.nickname as nickname8_1_, contactdat0_.photo as photo9_1_, contactdat0_.work as work10_1_ from addressbook contactdat0_ where deprecated='0000-00-00'
Hibernate: select groups0_.id as id1_0_0_, groups0_.group_id as group_id2_0_0_, groupdata1_.group_id as group_id1_2_1_, groupdata1_.group_footer as group_fo2_2_1_, groupdata1_.group_header as group_he3_2_1_, groupdata1_.group_name as group_na4_2_1_ from address_in_groups groups0_ inner join group_list groupdata1_ on groups0_.group_id=groupdata1_.group_id where groups0_.id=?
ContactData{id=167, firstname='modifyfirstname', middlename='modifymiddlename', lastname='lastname', homephone='homephone', mobilephone='mobilephone', workphone='', email='email', email2='null', email3='null'}
[GroupData{id='184', name='name3', header='header3', footer='footer3}, GroupData{id='188', name='name1', header='header1', footer='footer1}]
]]></system-out>
  <system-err><![CDATA[]]></system-err>
</testsuite>
