<?xml version="1.0" encoding="UTF-8"?>
<testsuite name="ru.stqa.pft.addressbook.tests.contacttests.ContactDeletionTests" tests="1" skipped="0" failures="0" errors="0" timestamp="2019-11-17T12:19:51" hostname="LAPTOP-1DCL0BJ6" time="3.663">
  <properties/>
  <testcase name="testDeleteSelectedContact" classname="ru.stqa.pft.addressbook.tests.contacttests.ContactDeletionTests" time="3.663"/>
  <system-out><![CDATA[]]></system-out>
  <system-err><![CDATA[]]></system-err>
</testsuite>
