<?xml version="1.0" encoding="UTF-8"?>
<testsuite name="ru.stqa.pft.addressbook.tests.hbConnectionTest" tests="1" skipped="0" failures="0" errors="0" timestamp="2019-12-01T08:57:09" hostname="LAPTOP-1DCL0BJ6" time="0.268">
  <properties/>
  <testcase name="testHbConnection" classname="ru.stqa.pft.addressbook.tests.hbConnectionTest" time="0.268"/>
  <system-out><![CDATA[11:57:07.375 [Test worker] INFO  org.hibernate.Version - HHH000412: Hibernate Core {5.4.9.Final}
11:57:07.786 [Test worker] INFO  o.h.annotations.common.Version - HCANN000001: Hibernate Commons Annotations {5.1.0.Final}
11:57:07.938 [Test worker] WARN  o.hibernate.orm.connections.pooling - HHH10001002: Using Hibernate built-in connection pool (not for production use!)
11:57:07.944 [Test worker] INFO  o.hibernate.orm.connections.pooling - HHH10001005: using driver [com.mysql.jdbc.Driver] at URL [jdbc:mysql://localhost:3306/addressbook]
11:57:07.944 [Test worker] INFO  o.hibernate.orm.connections.pooling - HHH10001001: Connection properties: {user=root, password=}
11:57:07.944 [Test worker] INFO  o.hibernate.orm.connections.pooling - HHH10001003: Autocommit mode: false
11:57:07.946 [Test worker] INFO  o.h.e.j.c.i.DriverManagerConnectionProviderImpl - HHH000115: Hibernate connection pool size: 1 (min=1)
11:57:08.152 [Test worker] INFO  org.hibernate.dialect.Dialect - HHH000400: Using dialect: org.hibernate.dialect.MySQLDialect
11:57:09.216 [Test worker] INFO  org.hibernate.orm.connections.access - HHH10001501: Connection obtained from JdbcConnectionAccess [org.hibernate.engine.jdbc.env.internal.JdbcEnvironmentInitiator$ConnectionProviderJdbcConnectionAccess@5d497969] for (non-JTA) DDL execution was not in auto-commit mode; the Connection 'local transaction' will be committed and the Connection will be set into auto-commit mode.
11:57:09.252 [Test worker] INFO  o.h.e.t.j.p.i.JtaPlatformInitiator - HHH000490: Using JtaPlatform implementation: [org.hibernate.engine.transaction.jta.platform.internal.NoJtaPlatform]
Hibernate: select groupdata0_.group_id as group_id1_0_, groupdata0_.group_footer as group_fo2_0_, groupdata0_.group_header as group_he3_0_, groupdata0_.group_name as group_na4_0_ from group_list groupdata0_
GroupData{id='139', name='name2', header='Header2', footer='footer2}
GroupData{id='173', name='test1', header='', footer='}
]]></system-out>
  <system-err><![CDATA[]]></system-err>
</testsuite>
