<?xml version="1.0" encoding="UTF-8"?>
<testsuite name="ru.stqa.pft.addressbook.tests.hbConnectionTest" tests="1" skipped="0" failures="0" errors="0" timestamp="2019-12-01T10:13:23" hostname="LAPTOP-1DCL0BJ6" time="0.249">
  <properties/>
  <testcase name="testHbConnection" classname="ru.stqa.pft.addressbook.tests.hbConnectionTest" time="0.249"/>
  <system-out><![CDATA[13:13:21.604 [Test worker] INFO  org.hibernate.Version - HHH000412: Hibernate Core {5.4.9.Final}
13:13:21.960 [Test worker] INFO  o.h.annotations.common.Version - HCANN000001: Hibernate Commons Annotations {5.1.0.Final}
13:13:22.100 [Test worker] WARN  o.hibernate.orm.connections.pooling - HHH10001002: Using Hibernate built-in connection pool (not for production use!)
13:13:22.106 [Test worker] INFO  o.hibernate.orm.connections.pooling - HHH10001005: using driver [com.mysql.jdbc.Driver] at URL [jdbc:mysql://localhost:3306/addressbook]
13:13:22.106 [Test worker] INFO  o.hibernate.orm.connections.pooling - HHH10001001: Connection properties: {user=root, password=}
13:13:22.107 [Test worker] INFO  o.hibernate.orm.connections.pooling - HHH10001003: Autocommit mode: false
13:13:22.109 [Test worker] INFO  o.h.e.j.c.i.DriverManagerConnectionProviderImpl - HHH000115: Hibernate connection pool size: 1 (min=1)
13:13:22.320 [Test worker] INFO  org.hibernate.dialect.Dialect - HHH000400: Using dialect: org.hibernate.dialect.MySQLDialect
13:13:23.046 [Test worker] INFO  org.hibernate.orm.connections.access - HHH10001501: Connection obtained from JdbcConnectionAccess [org.hibernate.engine.jdbc.env.internal.JdbcEnvironmentInitiator$ConnectionProviderJdbcConnectionAccess@3e997dcb] for (non-JTA) DDL execution was not in auto-commit mode; the Connection 'local transaction' will be committed and the Connection will be set into auto-commit mode.
13:13:23.092 [Test worker] INFO  o.h.e.t.j.p.i.JtaPlatformInitiator - HHH000490: Using JtaPlatform implementation: [org.hibernate.engine.transaction.jta.platform.internal.NoJtaPlatform]
Hibernate: select contactdat0_.id as id1_0_, contactdat0_.ayear as ayear2_0_, contactdat0_.firstname as firstnam3_0_, contactdat0_.home as home4_0_, contactdat0_.lastname as lastname5_0_, contactdat0_.middlename as middlena6_0_, contactdat0_.mobile as mobile7_0_, contactdat0_.nickname as nickname8_0_, contactdat0_.photo as photo9_0_, contactdat0_.work as work10_0_ from addressbook contactdat0_ where deprecated='0000-00-00'
ContactData{id=133, firstname='Firstname 0', middlename='Middlename 0', lastname='Lastname 0', homephone='Homephone 0', mobilephone='Mobilephone 0', workphone='', email='null', email2='null', email3='null', photo=''}
ContactData{id=134, firstname='Firstname 0', middlename='Middlename 0', lastname='Lastname 0', homephone='Homephone 0', mobilephone='Mobilephone 0', workphone='', email='null', email2='null', email3='null', photo=''}
ContactData{id=136, firstname='Firstname 1', middlename='Middlename 1', lastname='Lastname 1', homephone='Homephone 1', mobilephone='Mobilephone 1', workphone='', email='null', email2='null', email3='null', photo=''}
ContactData{id=137, firstname='Firstname 0', middlename='Middlename 0', lastname='Lastname 0', homephone='Homephone 0', mobilephone='Mobilephone 0', workphone='', email='null', email2='null', email3='null', photo=''}
ContactData{id=138, firstname='Firstname 1', middlename='Middlename 1', lastname='Lastname 1', homephone='Homephone 1', mobilephone='Mobilephone 1', workphone='', email='null', email2='null', email3='null', photo=''}
ContactData{id=140, firstname='modifyfirstname', middlename='modifymiddlename', lastname='lastname', homephone='homephone', mobilephone='mobilephone', workphone='', email='null', email2='null', email3='null', photo=''}
ContactData{id=142, firstname='Firstname 1', middlename='Middlename 1', lastname='Lastname 1', homephone='Homephone 1', mobilephone='Mobilephone 1', workphone='', email='null', email2='null', email3='null', photo=''}
ContactData{id=143, firstname='modifyfirstname', middlename='modifymiddlename', lastname='lastname', homephone='homephone', mobilephone='mobilephone', workphone='', email='null', email2='null', email3='null', photo=''}
]]></system-out>
  <system-err><![CDATA[]]></system-err>
</testsuite>
