<?xml version="1.0" encoding="UTF-8"?>
<testsuite name="ru.stqa.pft.addressbook.tests.grouptests.GroupModificationTests" tests="1" skipped="0" failures="0" errors="0" timestamp="2019-11-24T13:57:30" hostname="LAPTOP-1DCL0BJ6" time="2.717">
  <properties/>
  <testcase name="testGroupModification" classname="ru.stqa.pft.addressbook.tests.grouptests.GroupModificationTests" time="2.717"/>
  <system-out><![CDATA[]]></system-out>
  <system-err><![CDATA[]]></system-err>
</testsuite>
